<?xml version="1.0" encoding="utf-8"?>
<coverage line-rate="0.6418" branch-rate="0.6087" version="1.9" timestamp="1760348510" lines-covered="1724" lines-valid="2686" branches-covered="515" branches-valid="846">
  <sources>
    <source></source>
  </sources>
  <packages>
    <package name="SunnySeat.Core" line-rate="0.7339" branch-rate="0.6204" complexity="944">
      <classes>
        <class name="SunnySeat.Core.Validation.PatioValidator" filename="D:\SunnySeat\src\backend\SunnySeat.Core\Validation\PatioValidator.cs" line-rate="0.6206" branch-rate="0.5" complexity="50">
          <methods>
            <method name="HasValidName" signature="(SunnySeat.Core.Entities.Patio)" line-rate="1" branch-rate="1" complexity="4">
              <lines>
                <line number="15" hits="3" branch="False" />
                <line number="16" hits="3" branch="True" condition-coverage="100% (4/4)">
                  <conditions>
                    <condition number="12" type="jump" coverage="100%" />
                    <condition number="26" type="jump" coverage="100%" />
                  </conditions>
                </line>
                <line number="17" hits="3" branch="False" />
                <line number="18" hits="3" branch="False" />
                <line number="19" hits="3" branch="False" />
              </lines>
            </method>
            <method name="HasValidGeometry" signature="(SunnySeat.Core.Entities.Patio)" line-rate="1" branch-rate="1" complexity="6">
              <lines>
                <line number="25" hits="3" branch="False" />
                <line number="26" hits="3" branch="True" condition-coverage="100% (6/6)">
                  <conditions>
                    <condition number="13" type="jump" coverage="100%" />
                    <condition number="26" type="jump" coverage="100%" />
                    <condition number="48" type="jump" coverage="100%" />
                  </conditions>
                </line>
                <line number="27" hits="3" branch="False" />
                <line number="28" hits="3" branch="False" />
                <line number="29" hits="3" branch="False" />
                <line number="30" hits="3" branch="False" />
              </lines>
            </method>
            <method name="HasReasonableSize" signature="(SunnySeat.Core.Entities.Patio)" line-rate="1" branch-rate="0.5" complexity="4">
              <lines>
                <line number="36" hits="2" branch="False" />
                <line number="37" hits="2" branch="True" condition-coverage="50% (1/2)">
                  <conditions>
                    <condition number="15" type="jump" coverage="50%" />
                  </conditions>
                </line>
                <line number="39" hits="2" branch="False" />
                <line number="43" hits="2" branch="True" condition-coverage="50% (1/2)">
                  <conditions>
                    <condition number="43" type="jump" coverage="50%" />
                  </conditions>
                </line>
                <line number="44" hits="2" branch="False" />
              </lines>
            </method>
            <method name="HasValidQualityScore" signature="(SunnySeat.Core.Entities.Patio)" line-rate="1" branch-rate="0.5" complexity="2">
              <lines>
                <line number="50" hits="3" branch="False" />
                <line number="51" hits="3" branch="True" condition-coverage="50% (1/2)">
                  <conditions>
                    <condition number="16" type="jump" coverage="50%" />
                  </conditions>
                </line>
                <line number="52" hits="3" branch="False" />
              </lines>
            </method>
            <method name="HasValidHeight" signature="(SunnySeat.Core.Entities.Patio)" line-rate="1" branch-rate="0.75" complexity="4">
              <lines>
                <line number="58" hits="3" branch="False" />
                <line number="59" hits="3" branch="True" condition-coverage="50% (1/2)">
                  <conditions>
                    <condition number="20" type="jump" coverage="50%" />
                  </conditions>
                </line>
                <line number="62" hits="3" branch="True" condition-coverage="100% (2/2)">
                  <conditions>
                    <condition number="49" type="jump" coverage="100%" />
                  </conditions>
                </line>
                <line number="63" hits="3" branch="False" />
              </lines>
            </method>
            <method name="GetValidationIssues" signature="(SunnySeat.Core.Entities.Patio)" line-rate="0.9285" branch-rate="0.9" complexity="10">
              <lines>
                <line number="69" hits="3" branch="False" />
                <line number="70" hits="3" branch="False" />
                <line number="72" hits="3" branch="True" condition-coverage="100% (2/2)">
                  <conditions>
                    <condition number="18" type="jump" coverage="100%" />
                  </conditions>
                </line>
                <line number="73" hits="1" branch="False" />
                <line number="75" hits="3" branch="True" condition-coverage="100% (2/2)">
                  <conditions>
                    <condition number="43" type="jump" coverage="100%" />
                  </conditions>
                </line>
                <line number="76" hits="1" branch="False" />
                <line number="77" hits="2" branch="True" condition-coverage="50% (1/2)">
                  <conditions>
                    <condition number="70" type="jump" coverage="50%" />
                  </conditions>
                </line>
                <line number="78" hits="0" branch="False" />
                <line number="80" hits="3" branch="True" condition-coverage="100% (2/2)">
                  <conditions>
                    <condition number="97" type="jump" coverage="100%" />
                  </conditions>
                </line>
                <line number="81" hits="1" branch="False" />
                <line number="83" hits="3" branch="True" condition-coverage="100% (2/2)">
                  <conditions>
                    <condition number="124" type="jump" coverage="100%" />
                  </conditions>
                </line>
                <line number="84" hits="1" branch="False" />
                <line number="86" hits="3" branch="False" />
                <line number="87" hits="3" branch="False" />
              </lines>
            </method>
            <method name="CalculateQualityScore" signature="(SunnySeat.Core.Entities.Patio)" line-rate="0" branch-rate="0" complexity="16">
              <lines>
                <line number="93" hits="0" branch="False" />
                <line number="94" hits="0" branch="False" />
                <line number="97" hits="0" branch="False" />
                <line number="98" hits="0" branch="True" condition-coverage="0% (0/2)">
                  <conditions>
                    <condition number="25" type="jump" coverage="0%" />
                  </conditions>
                </line>
                <line number="99" hits="0" branch="True" condition-coverage="0% (0/2)">
                  <conditions>
                    <condition number="49" type="jump" coverage="0%" />
                  </conditions>
                </line>
                <line number="100" hits="0" branch="False" />
                <line number="103" hits="0" branch="False" />
                <line number="104" hits="0" branch="True" condition-coverage="0% (0/2)">
                  <conditions>
                    <condition number="101" type="jump" coverage="0%" />
                  </conditions>
                </line>
                <line number="105" hits="0" branch="True" condition-coverage="0% (0/4)">
                  <conditions>
                    <condition number="130" type="jump" coverage="0%" />
                    <condition number="145" type="jump" coverage="0%" />
                  </conditions>
                </line>
                <line number="106" hits="0" branch="True" condition-coverage="0% (0/2)">
                  <conditions>
                    <condition number="177" type="jump" coverage="0%" />
                  </conditions>
                </line>
                <line number="107" hits="0" branch="True" condition-coverage="0% (0/2)">
                  <conditions>
                    <condition number="209" type="jump" coverage="0%" />
                  </conditions>
                </line>
                <line number="108" hits="0" branch="True" condition-coverage="0% (0/2)">
                  <conditions>
                    <condition number="236" type="jump" coverage="0%" />
                  </conditions>
                </line>
                <line number="109" hits="0" branch="False" />
                <line number="112" hits="0" branch="False" />
                <line number="114" hits="0" branch="False" />
                <line number="115" hits="0" branch="False" />
              </lines>
            </method>
            <method name="NeedsReview" signature="(SunnySeat.Core.Entities.Patio)" line-rate="0" branch-rate="0" complexity="4">
              <lines>
                <line number="121" hits="0" branch="False" />
                <line number="122" hits="0" branch="True" condition-coverage="0% (0/4)">
                  <conditions>
                    <condition number="7" type="jump" coverage="0%" />
                    <condition number="24" type="jump" coverage="0%" />
                  </conditions>
                </line>
                <line number="123" hits="0" branch="False" />
                <line number="124" hits="0" branch="False" />
                <line number="125" hits="0" branch="False" />
              </lines>
            </method>
          </methods>
          <lines>
            <line number="15" hits="3" branch="False" />
            <line number="16" hits="3" branch="True" condition-coverage="100% (4/4)">
              <conditions>
                <condition number="12" type="jump" coverage="100%" />
                <condition number="26" type="jump" coverage="100%" />
              </conditions>
            </line>
            <line number="17" hits="3" branch="False" />
            <line number="18" hits="3" branch="False" />
            <line number="19" hits="3" branch="False" />
            <line number="25" hits="3" branch="False" />
            <line number="26" hits="3" branch="True" condition-coverage="100% (6/6)">
              <conditions>
                <condition number="13" type="jump" coverage="100%" />
                <condition number="26" type="jump" coverage="100%" />
                <condition number="48" type="jump" coverage="100%" />
              </conditions>
            </line>
            <line number="27" hits="3" branch="False" />
            <line number="28" hits="3" branch="False" />
            <line number="29" hits="3" branch="False" />
            <line number="30" hits="3" branch="False" />
            <line number="36" hits="2" branch="False" />
            <line number="37" hits="2" branch="True" condition-coverage="50% (1/2)">
              <conditions>
                <condition number="15" type="jump" coverage="50%" />
              </conditions>
            </line>
            <line number="39" hits="2" branch="False" />
            <line number="43" hits="2" branch="True" condition-coverage="50% (1/2)">
              <conditions>
                <condition number="43" type="jump" coverage="50%" />
              </conditions>
            </line>
            <line number="44" hits="2" branch="False" />
            <line number="50" hits="3" branch="False" />
            <line number="51" hits="3" branch="True" condition-coverage="50% (1/2)">
              <conditions>
                <condition number="16" type="jump" coverage="50%" />
              </conditions>
            </line>
            <line number="52" hits="3" branch="False" />
            <line number="58" hits="3" branch="False" />
            <line number="59" hits="3" branch="True" condition-coverage="50% (1/2)">
              <conditions>
                <condition number="20" type="jump" coverage="50%" />
              </conditions>
            </line>
            <line number="62" hits="3" branch="True" condition-coverage="100% (2/2)">
              <conditions>
                <condition number="49" type="jump" coverage="100%" />
              </conditions>
            </line>
            <line number="63" hits="3" branch="False" />
            <line number="69" hits="3" branch="False" />
            <line number="70" hits="3" branch="False" />
            <line number="72" hits="3" branch="True" condition-coverage="100% (2/2)">
              <conditions>
                <condition number="18" type="jump" coverage="100%" />
              </conditions>
            </line>
            <line number="73" hits="1" branch="False" />
            <line number="75" hits="3" branch="True" condition-coverage="100% (2/2)">
              <conditions>
                <condition number="43" type="jump" coverage="100%" />
              </conditions>
            </line>
            <line number="76" hits="1" branch="False" />
            <line number="77" hits="2" branch="True" condition-coverage="50% (1/2)">
              <conditions>
                <condition number="70" type="jump" coverage="50%" />
              </conditions>
            </line>
            <line number="78" hits="0" branch="False" />
            <line number="80" hits="3" branch="True" condition-coverage="100% (2/2)">
              <conditions>
                <condition number="97" type="jump" coverage="100%" />
              </conditions>
            </line>
            <line number="81" hits="1" branch="False" />
            <line number="83" hits="3" branch="True" condition-coverage="100% (2/2)">
              <conditions>
                <condition number="124" type="jump" coverage="100%" />
              </conditions>
            </line>
            <line number="84" hits="1" branch="False" />
            <line number="86" hits="3" branch="False" />
            <line number="87" hits="3" branch="False" />
            <line number="93" hits="0" branch="False" />
            <line number="94" hits="0" branch="False" />
            <line number="97" hits="0" branch="False" />
            <line number="98" hits="0" branch="True" condition-coverage="0% (0/2)">
              <conditions>
                <condition number="25" type="jump" coverage="0%" />
              </conditions>
            </line>
            <line number="99" hits="0" branch="True" condition-coverage="0% (0/2)">
              <conditions>
                <condition number="49" type="jump" coverage="0%" />
              </conditions>
            </line>
            <line number="100" hits="0" branch="False" />
            <line number="103" hits="0" branch="False" />
            <line number="104" hits="0" branch="True" condition-coverage="0% (0/2)">
              <conditions>
                <condition number="101" type="jump" coverage="0%" />
              </conditions>
            </line>
            <line number="105" hits="0" branch="True" condition-coverage="0% (0/4)">
              <conditions>
                <condition number="130" type="jump" coverage="0%" />
                <condition number="145" type="jump" coverage="0%" />
              </conditions>
            </line>
            <line number="106" hits="0" branch="True" condition-coverage="0% (0/2)">
              <conditions>
                <condition number="177" type="jump" coverage="0%" />
              </conditions>
            </line>
            <line number="107" hits="0" branch="True" condition-coverage="0% (0/2)">
              <conditions>
                <condition number="209" type="jump" coverage="0%" />
              </conditions>
            </line>
            <line number="108" hits="0" branch="True" condition-coverage="0% (0/2)">
              <conditions>
                <condition number="236" type="jump" coverage="0%" />
              </conditions>
            </line>
            <line number="109" hits="0" branch="False" />
            <line number="112" hits="0" branch="False" />
            <line number="114" hits="0" branch="False" />
            <line number="115" hits="0" branch="False" />
            <line number="121" hits="0" branch="False" />
            <line number="122" hits="0" branch="True" condition-coverage="0% (0/4)">
              <conditions>
                <condition number="7" type="jump" coverage="0%" />
                <condition number="24" type="jump" coverage="0%" />
              </conditions>
            </line>
            <line number="123" hits="0" branch="False" />
            <line number="124" hits="0" branch="False" />
            <line number="125" hits="0" branch="False" />
          </lines>
        </class>
        <class name="SunnySeat.Core.Validation.VenueValidator" filename="D:\SunnySeat\src\backend\SunnySeat.Core\Validation\VenueValidator.cs" line-rate="0.8" branch-rate="0.6818000000000001" complexity="67">
          <methods>
            <method name="HasValidName" signature="(SunnySeat.Core.Entities.Venue)" line-rate="1" branch-rate="1" complexity="4">
              <lines>
                <line number="21" hits="13" branch="False" />
                <line number="22" hits="13" branch="True" condition-coverage="100% (4/4)">
                  <conditions>
                    <condition number="12" type="jump" coverage="100%" />
                    <condition number="26" type="jump" coverage="100%" />
                  </conditions>
                </line>
                <line number="23" hits="13" branch="False" />
                <line number="24" hits="13" branch="False" />
                <line number="25" hits="13" branch="False" />
              </lines>
            </method>
            <method name="HasValidAddress" signature="(SunnySeat.Core.Entities.Venue)" line-rate="1" branch-rate="1" complexity="4">
              <lines>
                <line number="31" hits="13" branch="False" />
                <line number="32" hits="13" branch="True" condition-coverage="100% (4/4)">
                  <conditions>
                    <condition number="12" type="jump" coverage="100%" />
                    <condition number="26" type="jump" coverage="100%" />
                  </conditions>
                </line>
                <line number="33" hits="13" branch="False" />
                <line number="34" hits="13" branch="False" />
                <line number="35" hits="13" branch="False" />
              </lines>
            </method>
            <method name="HasValidLocation" signature="(SunnySeat.Core.Entities.Venue)" line-rate="1" branch-rate="0.875" complexity="8">
              <lines>
                <line number="41" hits="14" branch="False" />
                <line number="42" hits="14" branch="True" condition-coverage="50% (1/2)">
                  <conditions>
                    <condition number="15" type="jump" coverage="50%" />
                  </conditions>
                </line>
                <line number="44" hits="14" branch="False" />
                <line number="45" hits="14" branch="False" />
                <line number="47" hits="14" branch="True" condition-coverage="100% (6/6)">
                  <conditions>
                    <condition number="51" type="jump" coverage="100%" />
                    <condition number="59" type="jump" coverage="100%" />
                    <condition number="67" type="jump" coverage="100%" />
                  </conditions>
                </line>
                <line number="48" hits="14" branch="False" />
                <line number="49" hits="14" branch="False" />
              </lines>
            </method>
            <method name="HasCompleteMetadata" signature="(SunnySeat.Core.Entities.Venue)" line-rate="0" branch-rate="0" complexity="4">
              <lines>
                <line number="55" hits="0" branch="False" />
                <line number="56" hits="0" branch="True" condition-coverage="0% (0/4)">
                  <conditions>
                    <condition number="7" type="jump" coverage="0%" />
                    <condition number="15" type="jump" coverage="0%" />
                  </conditions>
                </line>
                <line number="57" hits="0" branch="False" />
                <line number="58" hits="0" branch="False" />
                <line number="59" hits="0" branch="False" />
              </lines>
            </method>
            <method name="HasQualityPatios" signature="(SunnySeat.Core.Entities.Venue)" line-rate="1" branch-rate="0.5" complexity="4">
              <lines>
                <line number="65" hits="3" branch="False" />
                <line number="66" hits="3" branch="True" condition-coverage="50% (2/4)">
                  <conditions>
                    <condition number="7" type="jump" coverage="50%" />
                    <condition number="20" type="jump" coverage="50%" />
                  </conditions>
                </line>
                <line number="67" hits="3" branch="False" />
                <line number="68" hits="3" branch="False" />
                <line number="69" hits="3" branch="False" />
              </lines>
            </method>
            <method name="GetValidationIssues" signature="(SunnySeat.Core.Entities.Venue)" line-rate="0.9285" branch-rate="0.8332999999999999" complexity="12">
              <lines>
                <line number="75" hits="5" branch="False" />
                <line number="76" hits="5" branch="False" />
                <line number="78" hits="5" branch="True" condition-coverage="100% (2/2)">
                  <conditions>
                    <condition number="18" type="jump" coverage="100%" />
                  </conditions>
                </line>
                <line number="79" hits="2" branch="False" />
                <line number="81" hits="5" branch="True" condition-coverage="100% (2/2)">
                  <conditions>
                    <condition number="43" type="jump" coverage="100%" />
                  </conditions>
                </line>
                <line number="82" hits="2" branch="False" />
                <line number="84" hits="5" branch="True" condition-coverage="100% (2/2)">
                  <conditions>
                    <condition number="68" type="jump" coverage="100%" />
                  </conditions>
                </line>
                <line number="85" hits="2" branch="False" />
                <line number="87" hits="5" branch="True" condition-coverage="75% (3/4)">
                  <conditions>
                    <condition number="88" type="jump" coverage="50%" />
                    <condition number="111" type="jump" coverage="100%" />
                  </conditions>
                </line>
                <line number="88" hits="3" branch="False" />
                <line number="89" hits="2" branch="True" condition-coverage="50% (1/2)">
                  <conditions>
                    <condition number="140" type="jump" coverage="50%" />
                  </conditions>
                </line>
                <line number="90" hits="0" branch="False" />
                <line number="92" hits="5" branch="False" />
                <line number="93" hits="5" branch="False" />
              </lines>
            </method>
            <method name="GetImportValidationIssues" signature="(SunnySeat.Core.Entities.Venue)" line-rate="1" branch-rate="1" complexity="6">
              <lines>
                <line number="99" hits="5" branch="False" />
                <line number="100" hits="5" branch="False" />
                <line number="102" hits="5" branch="True" condition-coverage="100% (2/2)">
                  <conditions>
                    <condition number="18" type="jump" coverage="100%" />
                  </conditions>
                </line>
                <line number="103" hits="2" branch="False" />
                <line number="105" hits="5" branch="True" condition-coverage="100% (2/2)">
                  <conditions>
                    <condition number="43" type="jump" coverage="100%" />
                  </conditions>
                </line>
                <line number="106" hits="2" branch="False" />
                <line number="108" hits="5" branch="True" condition-coverage="100% (2/2)">
                  <conditions>
                    <condition number="68" type="jump" coverage="100%" />
                  </conditions>
                </line>
                <line number="109" hits="1" branch="False" />
                <line number="111" hits="5" branch="False" />
                <line number="112" hits="5" branch="False" />
              </lines>
            </method>
            <method name="CalculateQualityScore" signature="(SunnySeat.Core.Entities.Venue)" line-rate="0.6333" branch-rate="0.5" complexity="24">
              <lines>
                <line number="118" hits="2" branch="False" />
                <line number="120" hits="2" branch="True" condition-coverage="50% (1/2)">
                  <conditions>
                    <condition number="8" type="jump" coverage="50%" />
                  </conditions>
                </line>
                <line number="122" hits="2" branch="False" />
                <line number="124" hits="2" branch="True" condition-coverage="50% (1/2)">
                  <conditions>
                    <condition number="29" type="jump" coverage="50%" />
                  </conditions>
                </line>
                <line number="125" hits="2" branch="False" />
                <line number="129" hits="2" branch="False" />
                <line number="130" hits="4" branch="True" condition-coverage="100% (2/2)">
                  <conditions>
                    <condition number="55" type="jump" coverage="100%" />
                  </conditions>
                </line>
                <line number="131" hits="4" branch="True" condition-coverage="100% (2/2)">
                  <conditions>
                    <condition number="79" type="jump" coverage="100%" />
                  </conditions>
                </line>
                <line number="132" hits="4" branch="True" condition-coverage="100% (2/2)">
                  <conditions>
                    <condition number="103" type="jump" coverage="100%" />
                  </conditions>
                </line>
                <line number="133" hits="2" branch="False" />
                <line number="136" hits="2" branch="False" />
                <line number="137" hits="4" branch="True" condition-coverage="100% (2/2)">
                  <conditions>
                    <condition number="164" type="jump" coverage="100%" />
                  </conditions>
                </line>
                <line number="138" hits="4" branch="True" condition-coverage="100% (2/2)">
                  <conditions>
                    <condition number="198" type="jump" coverage="100%" />
                  </conditions>
                </line>
                <line number="139" hits="2" branch="False" />
                <line number="142" hits="2" branch="False" />
                <line number="143" hits="2" branch="False" />
                <line number="144" hits="2" branch="False" />
                <line number="146" hits="0" branch="False" />
                <line number="151" hits="0" branch="False" />
                <line number="152" hits="0" branch="True" condition-coverage="0% (0/2)">
                  <conditions>
                    <condition number="324" type="jump" coverage="0%" />
                  </conditions>
                </line>
                <line number="153" hits="0" branch="True" condition-coverage="0% (0/2)">
                  <conditions>
                    <condition number="350" type="jump" coverage="0%" />
                  </conditions>
                </line>
                <line number="154" hits="0" branch="True" condition-coverage="0% (0/2)">
                  <conditions>
                    <condition number="376" type="jump" coverage="0%" />
                  </conditions>
                </line>
                <line number="155" hits="0" branch="False" />
                <line number="158" hits="0" branch="False" />
                <line number="159" hits="0" branch="True" condition-coverage="0% (0/2)">
                  <conditions>
                    <condition number="440" type="jump" coverage="0%" />
                  </conditions>
                </line>
                <line number="160" hits="0" branch="True" condition-coverage="0% (0/2)">
                  <conditions>
                    <condition number="474" type="jump" coverage="0%" />
                  </conditions>
                </line>
                <line number="161" hits="0" branch="False" />
                <line number="162" hits="0" branch="False" />
                <line number="164" hits="2" branch="False" />
                <line number="165" hits="2" branch="False" />
              </lines>
            </method>
            <method name=".cctor" signature="()" line-rate="1" branch-rate="1" complexity="1">
              <lines>
                <line number="12" hits="1" branch="False" />
                <line number="13" hits="1" branch="False" />
                <line number="14" hits="1" branch="False" />
                <line number="15" hits="1" branch="False" />
              </lines>
            </method>
          </methods>
          <lines>
            <line number="21" hits="13" branch="False" />
            <line number="22" hits="13" branch="True" condition-coverage="100% (4/4)">
              <conditions>
                <condition number="12" type="jump" coverage="100%" />
                <condition number="26" type="jump" coverage="100%" />
              </conditions>
            </line>
            <line number="23" hits="13" branch="False" />
            <line number="24" hits="13" branch="False" />
            <line number="25" hits="13" branch="False" />
            <line number="31" hits="13" branch="False" />
            <line number="32" hits="13" branch="True" condition-coverage="100% (4/4)">
              <conditions>
                <condition number="12" type="jump" coverage="100%" />
                <condition number="26" type="jump" coverage="100%" />
              </conditions>
            </line>
            <line number="33" hits="13" branch="False" />
            <line number="34" hits="13" branch="False" />
            <line number="35" hits="13" branch="False" />
            <line number="41" hits="14" branch="False" />
            <line number="42" hits="14" branch="True" condition-coverage="50% (1/2)">
              <conditions>
                <condition number="15" type="jump" coverage="50%" />
              </conditions>
            </line>
            <line number="44" hits="14" branch="False" />
            <line number="45" hits="14" branch="False" />
            <line number="47" hits="14" branch="True" condition-coverage="100% (6/6)">
              <conditions>
                <condition number="51" type="jump" coverage="100%" />
                <condition number="59" type="jump" coverage="100%" />
                <condition number="67" type="jump" coverage="100%" />
              </conditions>
            </line>
            <line number="48" hits="14" branch="False" />
            <line number="49" hits="14" branch="False" />
            <line number="55" hits="0" branch="False" />
            <line number="56" hits="0" branch="True" condition-coverage="0% (0/4)">
              <conditions>
                <condition number="7" type="jump" coverage="0%" />
                <condition number="15" type="jump" coverage="0%" />
              </conditions>
            </line>
            <line number="57" hits="0" branch="False" />
            <line number="58" hits="0" branch="False" />
            <line number="59" hits="0" branch="False" />
            <line number="65" hits="3" branch="False" />
            <line number="66" hits="3" branch="True" condition-coverage="50% (2/4)">
              <conditions>
                <condition number="7" type="jump" coverage="50%" />
                <condition number="20" type="jump" coverage="50%" />
              </conditions>
            </line>
            <line number="67" hits="3" branch="False" />
            <line number="68" hits="3" branch="False" />
            <line number="69" hits="3" branch="False" />
            <line number="75" hits="5" branch="False" />
            <line number="76" hits="5" branch="False" />
            <line number="78" hits="5" branch="True" condition-coverage="100% (2/2)">
              <conditions>
                <condition number="18" type="jump" coverage="100%" />
              </conditions>
            </line>
            <line number="79" hits="2" branch="False" />
            <line number="81" hits="5" branch="True" condition-coverage="100% (2/2)">
              <conditions>
                <condition number="43" type="jump" coverage="100%" />
              </conditions>
            </line>
            <line number="82" hits="2" branch="False" />
            <line number="84" hits="5" branch="True" condition-coverage="100% (2/2)">
              <conditions>
                <condition number="68" type="jump" coverage="100%" />
              </conditions>
            </line>
            <line number="85" hits="2" branch="False" />
            <line number="87" hits="5" branch="True" condition-coverage="75% (3/4)">
              <conditions>
                <condition number="88" type="jump" coverage="50%" />
                <condition number="111" type="jump" coverage="100%" />
              </conditions>
            </line>
            <line number="88" hits="3" branch="False" />
            <line number="89" hits="2" branch="True" condition-coverage="50% (1/2)">
              <conditions>
                <condition number="140" type="jump" coverage="50%" />
              </conditions>
            </line>
            <line number="90" hits="0" branch="False" />
            <line number="92" hits="5" branch="False" />
            <line number="93" hits="5" branch="False" />
            <line number="99" hits="5" branch="False" />
            <line number="100" hits="5" branch="False" />
            <line number="102" hits="5" branch="True" condition-coverage="100% (2/2)">
              <conditions>
                <condition number="18" type="jump" coverage="100%" />
              </conditions>
            </line>
            <line number="103" hits="2" branch="False" />
            <line number="105" hits="5" branch="True" condition-coverage="100% (2/2)">
              <conditions>
                <condition number="43" type="jump" coverage="100%" />
              </conditions>
            </line>
            <line number="106" hits="2" branch="False" />
            <line number="108" hits="5" branch="True" condition-coverage="100% (2/2)">
              <conditions>
                <condition number="68" type="jump" coverage="100%" />
              </conditions>
            </line>
            <line number="109" hits="1" branch="False" />
            <line number="111" hits="5" branch="False" />
            <line number="112" hits="5" branch="False" />
            <line number="118" hits="2" branch="False" />
            <line number="120" hits="2" branch="True" condition-coverage="50% (1/2)">
              <conditions>
                <condition number="8" type="jump" coverage="50%" />
              </conditions>
            </line>
            <line number="122" hits="2" branch="False" />
            <line number="124" hits="2" branch="True" condition-coverage="50% (1/2)">
              <conditions>
                <condition number="29" type="jump" coverage="50%" />
              </conditions>
            </line>
            <line number="125" hits="2" branch="False" />
            <line number="129" hits="2" branch="False" />
            <line number="130" hits="4" branch="True" condition-coverage="100% (2/2)">
              <conditions>
                <condition number="55" type="jump" coverage="100%" />
              </conditions>
            </line>
            <line number="131" hits="4" branch="True" condition-coverage="100% (2/2)">
              <conditions>
                <condition number="79" type="jump" coverage="100%" />
              </conditions>
            </line>
            <line number="132" hits="4" branch="True" condition-coverage="100% (2/2)">
              <conditions>
                <condition number="103" type="jump" coverage="100%" />
              </conditions>
            </line>
            <line number="133" hits="2" branch="False" />
            <line number="136" hits="2" branch="False" />
            <line number="137" hits="4" branch="True" condition-coverage="100% (2/2)">
              <conditions>
                <condition number="164" type="jump" coverage="100%" />
              </conditions>
            </line>
            <line number="138" hits="4" branch="True" condition-coverage="100% (2/2)">
              <conditions>
                <condition number="198" type="jump" coverage="100%" />
              </conditions>
            </line>
            <line number="139" hits="2" branch="False" />
            <line number="142" hits="2" branch="False" />
            <line number="143" hits="2" branch="False" />
            <line number="144" hits="2" branch="False" />
            <line number="146" hits="0" branch="False" />
            <line number="151" hits="0" branch="False" />
            <line number="152" hits="0" branch="True" condition-coverage="0% (0/2)">
              <conditions>
                <condition number="324" type="jump" coverage="0%" />
              </conditions>
            </line>
            <line number="153" hits="0" branch="True" condition-coverage="0% (0/2)">
              <conditions>
                <condition number="350" type="jump" coverage="0%" />
              </conditions>
            </line>
            <line number="154" hits="0" branch="True" condition-coverage="0% (0/2)">
              <conditions>
                <condition number="376" type="jump" coverage="0%" />
              </conditions>
            </line>
            <line number="155" hits="0" branch="False" />
            <line number="158" hits="0" branch="False" />
            <line number="159" hits="0" branch="True" condition-coverage="0% (0/2)">
              <conditions>
                <condition number="440" type="jump" coverage="0%" />
              </conditions>
            </line>
            <line number="160" hits="0" branch="True" condition-coverage="0% (0/2)">
              <conditions>
                <condition number="474" type="jump" coverage="0%" />
              </conditions>
            </line>
            <line number="161" hits="0" branch="False" />
            <line number="162" hits="0" branch="False" />
            <line number="164" hits="2" branch="False" />
            <line number="165" hits="2" branch="False" />
            <line number="12" hits="1" branch="False" />
            <line number="13" hits="1" branch="False" />
            <line number="14" hits="1" branch="False" />
            <line number="15" hits="1" branch="False" />
          </lines>
        </class>
        <class name="SunnySeat.Core.Utils.ShadowGeometry" filename="D:\SunnySeat\src\backend\SunnySeat.Core\Utils\ShadowGeometry.cs" line-rate="0.7872" branch-rate="0.6818000000000001" complexity="44">
          <methods>
            <method name="ProjectBuildingShadow" signature="(NetTopologySuite.Geometries.Polygon,System.Double,SunnySeat.Core.Entities.SolarPosition,NetTopologySuite.Geometries.GeometryFactory)" line-rate="1" branch-rate="1" complexity="4">
              <lines>
                <line number="40" hits="3" branch="False" />
                <line number="42" hits="3" branch="True" condition-coverage="100% (4/4)">
                  <conditions>
                    <condition number="16" type="jump" coverage="100%" />
                    <condition number="40" type="jump" coverage="100%" />
                  </conditions>
                </line>
                <line number="43" hits="2" branch="False" />
                <line number="46" hits="1" branch="False" />
                <line number="49" hits="1" branch="False" />
                <line number="52" hits="1" branch="False" />
                <line number="55" hits="1" branch="False" />
                <line number="56" hits="3" branch="False" />
              </lines>
            </method>
            <method name="CalculateShadowLength" signature="(System.Double,System.Double)" line-rate="1" branch-rate="1" complexity="2">
              <lines>
                <line number="65" hits="7" branch="False" />
                <line number="66" hits="7" branch="True" condition-coverage="100% (2/2)">
                  <conditions>
                    <condition number="18" type="jump" coverage="100%" />
                  </conditions>
                </line>
                <line number="67" hits="2" branch="False" />
                <line number="69" hits="5" branch="False" />
                <line number="70" hits="5" branch="False" />
                <line number="71" hits="7" branch="False" />
              </lines>
            </method>
            <method name="ProjectPolygonInDirection" signature="(NetTopologySuite.Geometries.Polygon,System.Double,System.Double,NetTopologySuite.Geometries.GeometryFactory)" line-rate="1" branch-rate="0.5" complexity="2">
              <lines>
                <line number="86" hits="6" branch="False" />
                <line number="89" hits="6" branch="False" />
                <line number="91" hits="6" branch="False" />
                <line number="92" hits="6" branch="False" />
                <line number="96" hits="6" branch="False" />
                <line number="97" hits="6" branch="False" />
                <line number="100" hits="6" branch="False" />
                <line number="103" hits="6" branch="False" />
                <line number="104" hits="6" branch="False" />
                <line number="107" hits="6" branch="False" />
                <line number="110" hits="6" branch="False" />
                <line number="113" hits="6" branch="False" />
                <line number="116" hits="6" branch="False" />
                <line number="119" hits="6" branch="False" />
                <line number="120" hits="6" branch="False" />
                <line number="122" hits="6" branch="True" condition-coverage="50% (1/2)">
                  <conditions>
                    <condition number="262" type="jump" coverage="50%" />
                  </conditions>
                </line>
                <line number="123" hits="6" branch="False" />
              </lines>
            </method>
            <method name="CalculateShadowCoveragePercent" signature="(NetTopologySuite.Geometries.Polygon,NetTopologySuite.Geometries.Polygon)" line-rate="0.75" branch-rate="0.75" complexity="4">
              <lines>
                <line number="132" hits="3" branch="False" />
                <line number="134" hits="3" branch="False" />
                <line number="135" hits="3" branch="False" />
                <line number="136" hits="3" branch="True" condition-coverage="100% (2/2)">
                  <conditions>
                    <condition number="18" type="jump" coverage="100%" />
                  </conditions>
                </line>
                <line number="137" hits="1" branch="False" />
                <line number="139" hits="2" branch="False" />
                <line number="140" hits="2" branch="False" />
                <line number="142" hits="2" branch="True" condition-coverage="50% (1/2)">
                  <conditions>
                    <condition number="57" type="jump" coverage="50%" />
                  </conditions>
                </line>
                <line number="144" hits="0" branch="False" />
                <line number="145" hits="0" branch="False" />
                <line number="147" hits="0" branch="False" />
                <line number="149" hits="3" branch="False" />
              </lines>
            </method>
            <method name="CalculateShadowedAndSunlitAreas" signature="(NetTopologySuite.Geometries.Polygon,System.Collections.Generic.IEnumerable`1&lt;NetTopologySuite.Geometries.Polygon&gt;,NetTopologySuite.Geometries.GeometryFactory)" line-rate="0.8571" branch-rate="0.6875" complexity="16">
              <lines>
                <line number="162" hits="2" branch="False" />
                <line number="164" hits="2" branch="False" />
                <line number="166" hits="2" branch="False" />
                <line number="167" hits="8" branch="True" condition-coverage="100% (2/2)">
                  <conditions>
                    <condition number="54" type="jump" coverage="100%" />
                  </conditions>
                </line>
                <line number="168" hits="1" branch="False" />
                <line number="169" hits="1" branch="True" condition-coverage="75% (3/4)">
                  <conditions>
                    <condition number="26" type="jump" coverage="50%" />
                    <condition number="40" type="jump" coverage="100%" />
                  </conditions>
                </line>
                <line number="170" hits="1" branch="False" />
                <line number="172" hits="2" branch="True" condition-coverage="100% (2/2)">
                  <conditions>
                    <condition number="82" type="jump" coverage="100%" />
                  </conditions>
                </line>
                <line number="173" hits="1" branch="False" />
                <line number="175" hits="1" branch="False" />
                <line number="179" hits="1" branch="False" />
                <line number="180" hits="1" branch="True" condition-coverage="50% (2/4)">
                  <conditions>
                    <condition number="110" type="jump" coverage="50%" />
                    <condition number="119" type="jump" coverage="50%" />
                  </conditions>
                </line>
                <line number="181" hits="1" branch="False" />
                <line number="184" hits="1" branch="False" />
                <line number="185" hits="1" branch="True" condition-coverage="50% (2/4)">
                  <conditions>
                    <condition number="147" type="jump" coverage="50%" />
                    <condition number="156" type="jump" coverage="50%" />
                  </conditions>
                </line>
                <line number="186" hits="1" branch="False" />
                <line number="188" hits="1" branch="False" />
                <line number="190" hits="0" branch="False" />
                <line number="191" hits="0" branch="False" />
                <line number="193" hits="0" branch="False" />
                <line number="195" hits="2" branch="False" />
              </lines>
            </method>
            <method name="GetLargestPolygon" signature="(NetTopologySuite.Geometries.Geometry,NetTopologySuite.Geometries.GeometryFactory)" line-rate="0" branch-rate="0" complexity="4">
              <lines>
                <line number="201" hits="0" branch="False" />
                <line number="202" hits="0" branch="True" condition-coverage="0% (0/2)">
                  <conditions>
                    <condition number="14" type="jump" coverage="0%" />
                  </conditions>
                </line>
                <line number="203" hits="0" branch="False" />
                <line number="205" hits="0" branch="True" condition-coverage="0% (0/2)">
                  <conditions>
                    <condition number="35" type="jump" coverage="0%" />
                  </conditions>
                </line>
                <line number="206" hits="0" branch="False" />
                <line number="207" hits="0" branch="False" />
                <line number="208" hits="0" branch="False" />
                <line number="209" hits="0" branch="False" />
                <line number="210" hits="0" branch="False" />
                <line number="213" hits="0" branch="False" />
                <line number="214" hits="0" branch="False" />
              </lines>
            </method>
            <method name="CalculateShadowConfidence" signature="(SunnySeat.Core.Entities.Building,SunnySeat.Core.Entities.SolarPosition,System.Double)" line-rate="0.8421" branch-rate="0.75" complexity="12">
              <lines>
                <line number="227" hits="7" branch="False" />
                <line number="228" hits="7" branch="False" />
                <line number="231" hits="7" branch="True" condition-coverage="100% (2/2)">
                  <conditions>
                    <condition number="30" type="jump" coverage="100%" />
                  </conditions>
                </line>
                <line number="232" hits="1" branch="False" />
                <line number="233" hits="6" branch="True" condition-coverage="50% (1/2)">
                  <conditions>
                    <condition number="65" type="jump" coverage="50%" />
                  </conditions>
                </line>
                <line number="234" hits="0" branch="False" />
                <line number="237" hits="7" branch="True" condition-coverage="100% (2/2)">
                  <conditions>
                    <condition number="93" type="jump" coverage="100%" />
                  </conditions>
                </line>
                <line number="238" hits="2" branch="False" />
                <line number="239" hits="5" branch="True" condition-coverage="50% (1/2)">
                  <conditions>
                    <condition number="125" type="jump" coverage="50%" />
                  </conditions>
                </line>
                <line number="240" hits="0" branch="False" />
                <line number="243" hits="7" branch="True" condition-coverage="75% (3/4)">
                  <conditions>
                    <condition number="156" type="switch" coverage="75%" />
                  </conditions>
                </line>
                <line number="244" hits="7" branch="False" />
                <line number="245" hits="4" branch="False" />
                <line number="246" hits="1" branch="False" />
                <line number="247" hits="2" branch="False" />
                <line number="248" hits="0" branch="False" />
                <line number="249" hits="7" branch="False" />
                <line number="252" hits="7" branch="False" />
                <line number="253" hits="7" branch="False" />
              </lines>
            </method>
          </methods>
          <lines>
            <line number="40" hits="3" branch="False" />
            <line number="42" hits="3" branch="True" condition-coverage="100% (4/4)">
              <conditions>
                <condition number="16" type="jump" coverage="100%" />
                <condition number="40" type="jump" coverage="100%" />
              </conditions>
            </line>
            <line number="43" hits="2" branch="False" />
            <line number="46" hits="1" branch="False" />
            <line number="49" hits="1" branch="False" />
            <line number="52" hits="1" branch="False" />
            <line number="55" hits="1" branch="False" />
            <line number="56" hits="3" branch="False" />
            <line number="65" hits="7" branch="False" />
            <line number="66" hits="7" branch="True" condition-coverage="100% (2/2)">
              <conditions>
                <condition number="18" type="jump" coverage="100%" />
              </conditions>
            </line>
            <line number="67" hits="2" branch="False" />
            <line number="69" hits="5" branch="False" />
            <line number="70" hits="5" branch="False" />
            <line number="71" hits="7" branch="False" />
            <line number="86" hits="6" branch="False" />
            <line number="89" hits="6" branch="False" />
            <line number="91" hits="6" branch="False" />
            <line number="92" hits="6" branch="False" />
            <line number="96" hits="6" branch="False" />
            <line number="97" hits="6" branch="False" />
            <line number="100" hits="6" branch="False" />
            <line number="103" hits="6" branch="False" />
            <line number="104" hits="6" branch="False" />
            <line number="107" hits="6" branch="False" />
            <line number="110" hits="6" branch="False" />
            <line number="113" hits="6" branch="False" />
            <line number="116" hits="6" branch="False" />
            <line number="119" hits="6" branch="False" />
            <line number="120" hits="6" branch="False" />
            <line number="122" hits="6" branch="True" condition-coverage="50% (1/2)">
              <conditions>
                <condition number="262" type="jump" coverage="50%" />
              </conditions>
            </line>
            <line number="123" hits="6" branch="False" />
            <line number="132" hits="3" branch="False" />
            <line number="134" hits="3" branch="False" />
            <line number="135" hits="3" branch="False" />
            <line number="136" hits="3" branch="True" condition-coverage="100% (2/2)">
              <conditions>
                <condition number="18" type="jump" coverage="100%" />
              </conditions>
            </line>
            <line number="137" hits="1" branch="False" />
            <line number="139" hits="2" branch="False" />
            <line number="140" hits="2" branch="False" />
            <line number="142" hits="2" branch="True" condition-coverage="50% (1/2)">
              <conditions>
                <condition number="57" type="jump" coverage="50%" />
              </conditions>
            </line>
            <line number="144" hits="0" branch="False" />
            <line number="145" hits="0" branch="False" />
            <line number="147" hits="0" branch="False" />
            <line number="149" hits="3" branch="False" />
            <line number="162" hits="2" branch="False" />
            <line number="164" hits="2" branch="False" />
            <line number="166" hits="2" branch="False" />
            <line number="167" hits="8" branch="True" condition-coverage="100% (2/2)">
              <conditions>
                <condition number="54" type="jump" coverage="100%" />
              </conditions>
            </line>
            <line number="168" hits="1" branch="False" />
            <line number="169" hits="1" branch="True" condition-coverage="75% (3/4)">
              <conditions>
                <condition number="26" type="jump" coverage="50%" />
                <condition number="40" type="jump" coverage="100%" />
              </conditions>
            </line>
            <line number="170" hits="1" branch="False" />
            <line number="172" hits="2" branch="True" condition-coverage="100% (2/2)">
              <conditions>
                <condition number="82" type="jump" coverage="100%" />
              </conditions>
            </line>
            <line number="173" hits="1" branch="False" />
            <line number="175" hits="1" branch="False" />
            <line number="179" hits="1" branch="False" />
            <line number="180" hits="1" branch="True" condition-coverage="50% (2/4)">
              <conditions>
                <condition number="110" type="jump" coverage="50%" />
                <condition number="119" type="jump" coverage="50%" />
              </conditions>
            </line>
            <line number="181" hits="1" branch="False" />
            <line number="184" hits="1" branch="False" />
            <line number="185" hits="1" branch="True" condition-coverage="50% (2/4)">
              <conditions>
                <condition number="147" type="jump" coverage="50%" />
                <condition number="156" type="jump" coverage="50%" />
              </conditions>
            </line>
            <line number="186" hits="1" branch="False" />
            <line number="188" hits="1" branch="False" />
            <line number="190" hits="0" branch="False" />
            <line number="191" hits="0" branch="False" />
            <line number="193" hits="0" branch="False" />
            <line number="195" hits="2" branch="False" />
            <line number="201" hits="0" branch="False" />
            <line number="202" hits="0" branch="True" condition-coverage="0% (0/2)">
              <conditions>
                <condition number="14" type="jump" coverage="0%" />
              </conditions>
            </line>
            <line number="203" hits="0" branch="False" />
            <line number="205" hits="0" branch="True" condition-coverage="0% (0/2)">
              <conditions>
                <condition number="35" type="jump" coverage="0%" />
              </conditions>
            </line>
            <line number="206" hits="0" branch="False" />
            <line number="207" hits="0" branch="False" />
            <line number="208" hits="0" branch="False" />
            <line number="209" hits="0" branch="False" />
            <line number="210" hits="0" branch="False" />
            <line number="213" hits="0" branch="False" />
            <line number="214" hits="0" branch="False" />
            <line number="227" hits="7" branch="False" />
            <line number="228" hits="7" branch="False" />
            <line number="231" hits="7" branch="True" condition-coverage="100% (2/2)">
              <conditions>
                <condition number="30" type="jump" coverage="100%" />
              </conditions>
            </line>
            <line number="232" hits="1" branch="False" />
            <line number="233" hits="6" branch="True" condition-coverage="50% (1/2)">
              <conditions>
                <condition number="65" type="jump" coverage="50%" />
              </conditions>
            </line>
            <line number="234" hits="0" branch="False" />
            <line number="237" hits="7" branch="True" condition-coverage="100% (2/2)">
              <conditions>
                <condition number="93" type="jump" coverage="100%" />
              </conditions>
            </line>
            <line number="238" hits="2" branch="False" />
            <line number="239" hits="5" branch="True" condition-coverage="50% (1/2)">
              <conditions>
                <condition number="125" type="jump" coverage="50%" />
              </conditions>
            </line>
            <line number="240" hits="0" branch="False" />
            <line number="243" hits="7" branch="True" condition-coverage="75% (3/4)">
              <conditions>
                <condition number="156" type="switch" coverage="75%" />
              </conditions>
            </line>
            <line number="244" hits="7" branch="False" />
            <line number="245" hits="4" branch="False" />
            <line number="246" hits="1" branch="False" />
            <line number="247" hits="2" branch="False" />
            <line number="248" hits="0" branch="False" />
            <line number="249" hits="7" branch="False" />
            <line number="252" hits="7" branch="False" />
            <line number="253" hits="7" branch="False" />
          </lines>
        </class>
        <class name="SunnySeat.Core.Utils.SolarMath" filename="D:\SunnySeat\src\backend\SunnySeat.Core\Utils\SolarMath.cs" line-rate="1" branch-rate="0.909" complexity="37">
          <methods>
            <method name="CalculateJulianDay" signature="(System.DateTime)" line-rate="1" branch-rate="0.8571" complexity="14">
              <lines>
                <line number="18" hits="11267" branch="False" />
                <line number="19" hits="11267" branch="False" />
                <line number="20" hits="11267" branch="False" />
                <line number="21" hits="11267" branch="False" />
                <line number="22" hits="11267" branch="False" />
                <line number="25" hits="11267" branch="True" condition-coverage="100% (2/2)">
                  <conditions>
                    <condition number="102" type="jump" coverage="100%" />
                  </conditions>
                </line>
                <line number="26" hits="2" branch="False" />
                <line number="27" hits="2" branch="False" />
                <line number="28" hits="2" branch="False" />
                <line number="29" hits="2" branch="False" />
                <line number="32" hits="11267" branch="False" />
                <line number="33" hits="11267" branch="False" />
                <line number="36" hits="11267" branch="True" condition-coverage="83.33% (10/12)">
                  <conditions>
                    <condition number="130" type="jump" coverage="100%" />
                    <condition number="138" type="jump" coverage="100%" />
                    <condition number="143" type="jump" coverage="100%" />
                    <condition number="151" type="jump" coverage="50%" />
                    <condition number="156" type="jump" coverage="50%" />
                    <condition number="176" type="jump" coverage="100%" />
                  </conditions>
                </line>
                <line number="37" hits="11267" branch="False" />
                <line number="38" hits="11267" branch="False" />
                <line number="39" hits="11267" branch="False" />
                <line number="42" hits="11267" branch="False" />
                <line number="45" hits="11267" branch="False" />
                <line number="47" hits="11267" branch="False" />
                <line number="48" hits="11267" branch="False" />
              </lines>
            </method>
            <method name="CalculateJulianCenturies" signature="(System.Double)" line-rate="1" branch-rate="1" complexity="1">
              <lines>
                <line number="56" hits="11265" branch="False" />
                <line number="57" hits="11265" branch="False" />
                <line number="58" hits="11265" branch="False" />
              </lines>
            </method>
            <method name="CalculateGeometricalMeanLongitudeSun" signature="(System.Double)" line-rate="1" branch-rate="1" complexity="1">
              <lines>
                <line number="66" hits="11264" branch="False" />
                <line number="67" hits="11264" branch="False" />
                <line number="68" hits="11264" branch="False" />
                <line number="69" hits="11264" branch="False" />
              </lines>
            </method>
            <method name="CalculateGeometricalMeanAnomalySun" signature="(System.Double)" line-rate="1" branch-rate="1" complexity="1">
              <lines>
                <line number="77" hits="1264" branch="False" />
                <line number="78" hits="1264" branch="False" />
                <line number="79" hits="1264" branch="False" />
              </lines>
            </method>
            <method name="CalculateEccentricityEarthOrbit" signature="(System.Double)" line-rate="1" branch-rate="1" complexity="1">
              <lines>
                <line number="87" hits="1264" branch="False" />
                <line number="88" hits="1264" branch="False" />
                <line number="89" hits="1264" branch="False" />
              </lines>
            </method>
            <method name="CalculateSunEquationOfCenter" signature="(System.Double,System.Double)" line-rate="1" branch-rate="1" complexity="1">
              <lines>
                <line number="98" hits="1263" branch="False" />
                <line number="99" hits="1263" branch="False" />
                <line number="101" hits="1263" branch="False" />
                <line number="102" hits="1263" branch="False" />
                <line number="103" hits="1263" branch="False" />
                <line number="104" hits="1263" branch="False" />
              </lines>
            </method>
            <method name="CalculateSunTrueLongitude" signature="(System.Double,System.Double)" line-rate="1" branch-rate="1" complexity="1">
              <lines>
                <line number="113" hits="1263" branch="False" />
                <line number="114" hits="1263" branch="False" />
                <line number="115" hits="1263" branch="False" />
              </lines>
            </method>
            <method name="CalculateSunApparentLongitude" signature="(System.Double,System.Double)" line-rate="1" branch-rate="1" complexity="1">
              <lines>
                <line number="124" hits="1263" branch="False" />
                <line number="125" hits="1263" branch="False" />
                <line number="126" hits="1263" branch="False" />
                <line number="127" hits="1263" branch="False" />
              </lines>
            </method>
            <method name="CalculateMeanObliquityOfEcliptic" signature="(System.Double)" line-rate="1" branch-rate="1" complexity="1">
              <lines>
                <line number="135" hits="1264" branch="False" />
                <line number="136" hits="1264" branch="False" />
                <line number="137" hits="1264" branch="False" />
                <line number="138" hits="1264" branch="False" />
              </lines>
            </method>
            <method name="CalculateCorrectedObliquity" signature="(System.Double,System.Double)" line-rate="1" branch-rate="1" complexity="1">
              <lines>
                <line number="147" hits="1263" branch="False" />
                <line number="148" hits="1263" branch="False" />
                <line number="149" hits="1263" branch="False" />
                <line number="150" hits="1263" branch="False" />
              </lines>
            </method>
            <method name="CalculateSolarDeclination" signature="(System.Double,System.Double)" line-rate="1" branch-rate="1" complexity="1">
              <lines>
                <line number="159" hits="1267" branch="False" />
                <line number="160" hits="1267" branch="False" />
                <line number="161" hits="1267" branch="False" />
                <line number="163" hits="1267" branch="False" />
                <line number="164" hits="1267" branch="False" />
              </lines>
            </method>
            <method name="CalculateEquationOfTime" signature="(System.Double,System.Double,System.Double,System.Double,System.Double)" line-rate="1" branch-rate="1" complexity="1">
              <lines>
                <line number="177" hits="1263" branch="False" />
                <line number="178" hits="1263" branch="False" />
                <line number="179" hits="1263" branch="False" />
                <line number="180" hits="1263" branch="False" />
                <line number="182" hits="1263" branch="False" />
                <line number="183" hits="1263" branch="False" />
                <line number="185" hits="1263" branch="False" />
                <line number="186" hits="1263" branch="False" />
                <line number="187" hits="1263" branch="False" />
                <line number="188" hits="1263" branch="False" />
                <line number="189" hits="1263" branch="False" />
                <line number="191" hits="1263" branch="False" />
                <line number="192" hits="1263" branch="False" />
                <line number="193" hits="1263" branch="False" />
                <line number="194" hits="1263" branch="False" />
                <line number="196" hits="1263" branch="False" />
                <line number="197" hits="1263" branch="False" />
              </lines>
            </method>
            <method name="CalculateHourAngle" signature="(System.Double,System.DateTime,System.Double)" line-rate="1" branch-rate="1" complexity="1">
              <lines>
                <line number="207" hits="1263" branch="False" />
                <line number="209" hits="1263" branch="False" />
                <line number="213" hits="1263" branch="False" />
                <line number="218" hits="1263" branch="False" />
                <line number="220" hits="1263" branch="False" />
                <line number="221" hits="1263" branch="False" />
              </lines>
            </method>
            <method name="CalculateSolarElevation" signature="(System.Double,System.Double,System.Double)" line-rate="1" branch-rate="1" complexity="1">
              <lines>
                <line number="231" hits="1270" branch="False" />
                <line number="232" hits="1270" branch="False" />
                <line number="233" hits="1270" branch="False" />
                <line number="234" hits="1270" branch="False" />
                <line number="236" hits="1270" branch="False" />
                <line number="237" hits="1270" branch="False" />
                <line number="239" hits="1270" branch="False" />
                <line number="240" hits="1270" branch="False" />
              </lines>
            </method>
            <method name="CalculateSolarAzimuth" signature="(System.Double,System.Double,System.Double,System.Double)" line-rate="1" branch-rate="1" complexity="1">
              <lines>
                <line number="251" hits="1266" branch="False" />
                <line number="252" hits="1266" branch="False" />
                <line number="253" hits="1266" branch="False" />
                <line number="254" hits="1266" branch="False" />
                <line number="259" hits="1266" branch="False" />
                <line number="260" hits="1266" branch="False" />
                <line number="262" hits="1266" branch="False" />
                <line number="263" hits="1266" branch="False" />
                <line number="264" hits="1266" branch="False" />
              </lines>
            </method>
            <method name="CalculateEarthSunDistance" signature="(System.Double,System.Double)" line-rate="1" branch-rate="1" complexity="1">
              <lines>
                <line number="273" hits="1269" branch="False" />
                <line number="274" hits="1269" branch="False" />
                <line number="275" hits="1269" branch="False" />
                <line number="276" hits="1269" branch="False" />
              </lines>
            </method>
            <method name="NormalizeDegrees" signature="(System.Double)" line-rate="1" branch-rate="1" complexity="2">
              <lines>
                <line number="284" hits="26336" branch="False" />
                <line number="285" hits="26336" branch="False" />
                <line number="286" hits="26336" branch="True" condition-coverage="100% (2/2)">
                  <conditions>
                    <condition number="23" type="jump" coverage="100%" />
                  </conditions>
                </line>
                <line number="287" hits="26336" branch="False" />
              </lines>
            </method>
            <method name="NormalizeDegreesSymmetric" signature="(System.Double)" line-rate="1" branch-rate="1" complexity="2">
              <lines>
                <line number="295" hits="1270" branch="False" />
                <line number="296" hits="1270" branch="False" />
                <line number="297" hits="1270" branch="True" condition-coverage="100% (2/2)">
                  <conditions>
                    <condition number="18" type="jump" coverage="100%" />
                  </conditions>
                </line>
                <line number="298" hits="1270" branch="False" />
              </lines>
            </method>
            <method name="ApplyAtmosphericRefraction" signature="(System.Double,System.Double,System.Double)" line-rate="1" branch-rate="1" complexity="4">
              <lines>
                <line number="309" hits="1269" branch="False" />
                <line number="311" hits="1269" branch="True" condition-coverage="100% (2/2)">
                  <conditions>
                    <condition number="18" type="jump" coverage="100%" />
                  </conditions>
                </line>
                <line number="312" hits="421" branch="False" />
                <line number="315" hits="848" branch="True" condition-coverage="100% (2/2)">
                  <conditions>
                    <condition number="44" type="jump" coverage="100%" />
                  </conditions>
                </line>
                <line number="316" hits="29" branch="False" />
                <line number="317" hits="29" branch="False" />
                <line number="318" hits="29" branch="False" />
                <line number="323" hits="819" branch="False" />
                <line number="324" hits="819" branch="False" />
                <line number="326" hits="819" branch="False" />
                <line number="327" hits="1269" branch="False" />
              </lines>
            </method>
          </methods>
          <lines>
            <line number="18" hits="11267" branch="False" />
            <line number="19" hits="11267" branch="False" />
            <line number="20" hits="11267" branch="False" />
            <line number="21" hits="11267" branch="False" />
            <line number="22" hits="11267" branch="False" />
            <line number="25" hits="11267" branch="True" condition-coverage="100% (2/2)">
              <conditions>
                <condition number="102" type="jump" coverage="100%" />
              </conditions>
            </line>
            <line number="26" hits="2" branch="False" />
            <line number="27" hits="2" branch="False" />
            <line number="28" hits="2" branch="False" />
            <line number="29" hits="2" branch="False" />
            <line number="32" hits="11267" branch="False" />
            <line number="33" hits="11267" branch="False" />
            <line number="36" hits="11267" branch="True" condition-coverage="83.33% (10/12)">
              <conditions>
                <condition number="130" type="jump" coverage="100%" />
                <condition number="138" type="jump" coverage="100%" />
                <condition number="143" type="jump" coverage="100%" />
                <condition number="151" type="jump" coverage="50%" />
                <condition number="156" type="jump" coverage="50%" />
                <condition number="176" type="jump" coverage="100%" />
              </conditions>
            </line>
            <line number="37" hits="11267" branch="False" />
            <line number="38" hits="11267" branch="False" />
            <line number="39" hits="11267" branch="False" />
            <line number="42" hits="11267" branch="False" />
            <line number="45" hits="11267" branch="False" />
            <line number="47" hits="11267" branch="False" />
            <line number="48" hits="11267" branch="False" />
            <line number="56" hits="11265" branch="False" />
            <line number="57" hits="11265" branch="False" />
            <line number="58" hits="11265" branch="False" />
            <line number="66" hits="11264" branch="False" />
            <line number="67" hits="11264" branch="False" />
            <line number="68" hits="11264" branch="False" />
            <line number="69" hits="11264" branch="False" />
            <line number="77" hits="1264" branch="False" />
            <line number="78" hits="1264" branch="False" />
            <line number="79" hits="1264" branch="False" />
            <line number="87" hits="1264" branch="False" />
            <line number="88" hits="1264" branch="False" />
            <line number="89" hits="1264" branch="False" />
            <line number="98" hits="1263" branch="False" />
            <line number="99" hits="1263" branch="False" />
            <line number="101" hits="1263" branch="False" />
            <line number="102" hits="1263" branch="False" />
            <line number="103" hits="1263" branch="False" />
            <line number="104" hits="1263" branch="False" />
            <line number="113" hits="1263" branch="False" />
            <line number="114" hits="1263" branch="False" />
            <line number="115" hits="1263" branch="False" />
            <line number="124" hits="1263" branch="False" />
            <line number="125" hits="1263" branch="False" />
            <line number="126" hits="1263" branch="False" />
            <line number="127" hits="1263" branch="False" />
            <line number="135" hits="1264" branch="False" />
            <line number="136" hits="1264" branch="False" />
            <line number="137" hits="1264" branch="False" />
            <line number="138" hits="1264" branch="False" />
            <line number="147" hits="1263" branch="False" />
            <line number="148" hits="1263" branch="False" />
            <line number="149" hits="1263" branch="False" />
            <line number="150" hits="1263" branch="False" />
            <line number="159" hits="1267" branch="False" />
            <line number="160" hits="1267" branch="False" />
            <line number="161" hits="1267" branch="False" />
            <line number="163" hits="1267" branch="False" />
            <line number="164" hits="1267" branch="False" />
            <line number="177" hits="1263" branch="False" />
            <line number="178" hits="1263" branch="False" />
            <line number="179" hits="1263" branch="False" />
            <line number="180" hits="1263" branch="False" />
            <line number="182" hits="1263" branch="False" />
            <line number="183" hits="1263" branch="False" />
            <line number="185" hits="1263" branch="False" />
            <line number="186" hits="1263" branch="False" />
            <line number="187" hits="1263" branch="False" />
            <line number="188" hits="1263" branch="False" />
            <line number="189" hits="1263" branch="False" />
            <line number="191" hits="1263" branch="False" />
            <line number="192" hits="1263" branch="False" />
            <line number="193" hits="1263" branch="False" />
            <line number="194" hits="1263" branch="False" />
            <line number="196" hits="1263" branch="False" />
            <line number="197" hits="1263" branch="False" />
            <line number="207" hits="1263" branch="False" />
            <line number="209" hits="1263" branch="False" />
            <line number="213" hits="1263" branch="False" />
            <line number="218" hits="1263" branch="False" />
            <line number="220" hits="1263" branch="False" />
            <line number="221" hits="1263" branch="False" />
            <line number="231" hits="1270" branch="False" />
            <line number="232" hits="1270" branch="False" />
            <line number="233" hits="1270" branch="False" />
            <line number="234" hits="1270" branch="False" />
            <line number="236" hits="1270" branch="False" />
            <line number="237" hits="1270" branch="False" />
            <line number="239" hits="1270" branch="False" />
            <line number="240" hits="1270" branch="False" />
            <line number="251" hits="1266" branch="False" />
            <line number="252" hits="1266" branch="False" />
            <line number="253" hits="1266" branch="False" />
[...]
            <line number="16" hits="0" branch="False" />
            <line number="17" hits="0" branch="False" />
            <line number="18" hits="0" branch="False" />
          </lines>
        </class>
        <class name="SunnySeat.Data.Repositories.FeedbackRepository" filename="D:\SunnySeat\src\backend\SunnySeat.Data\Repositories\FeedbackRepository.cs" line-rate="0" branch-rate="1" complexity="1">
          <methods>
            <method name=".ctor" signature="(SunnySeat.Data.SunnySeatDbContext)" line-rate="0" branch-rate="1" complexity="1">
              <lines>
                <line number="14" hits="0" branch="False" />
                <line number="15" hits="0" branch="False" />
                <line number="16" hits="0" branch="False" />
                <line number="17" hits="0" branch="False" />
              </lines>
            </method>
          </methods>
          <lines>
            <line number="14" hits="0" branch="False" />
            <line number="15" hits="0" branch="False" />
            <line number="16" hits="0" branch="False" />
            <line number="17" hits="0" branch="False" />
          </lines>
        </class>
        <class name="SunnySeat.Data.Repositories.PatioRepository" filename="D:\SunnySeat\src\backend\SunnySeat.Data\Repositories\PatioRepository.cs" line-rate="0" branch-rate="1" complexity="1">
          <methods>
            <method name=".ctor" signature="(SunnySeat.Data.SunnySeatDbContext)" line-rate="0" branch-rate="1" complexity="1">
              <lines>
                <line number="15" hits="0" branch="False" />
                <line number="16" hits="0" branch="False" />
                <line number="17" hits="0" branch="False" />
                <line number="18" hits="0" branch="False" />
              </lines>
            </method>
          </methods>
          <lines>
            <line number="15" hits="0" branch="False" />
            <line number="16" hits="0" branch="False" />
            <line number="17" hits="0" branch="False" />
            <line number="18" hits="0" branch="False" />
          </lines>
        </class>
        <class name="SunnySeat.Data.Repositories.PrecomputationRepository" filename="D:\SunnySeat\src\backend\SunnySeat.Data\Repositories\PrecomputationRepository.cs" line-rate="0" branch-rate="1" complexity="1">
          <methods>
            <method name=".ctor" signature="(SunnySeat.Data.SunnySeatDbContext)" line-rate="0" branch-rate="1" complexity="1">
              <lines>
                <line number="14" hits="0" branch="False" />
                <line number="15" hits="0" branch="False" />
                <line number="16" hits="0" branch="False" />
                <line number="17" hits="0" branch="False" />
              </lines>
            </method>
          </methods>
          <lines>
            <line number="14" hits="0" branch="False" />
            <line number="15" hits="0" branch="False" />
            <line number="16" hits="0" branch="False" />
            <line number="17" hits="0" branch="False" />
          </lines>
        </class>
        <class name="SunnySeat.Data.Repositories.VenueRepository" filename="D:\SunnySeat\src\backend\SunnySeat.Data\Repositories\VenueRepository.cs" line-rate="0" branch-rate="1" complexity="1">
          <methods>
            <method name=".ctor" signature="(SunnySeat.Data.SunnySeatDbContext)" line-rate="0" branch-rate="1" complexity="1">
              <lines>
                <line number="15" hits="0" branch="False" />
                <line number="16" hits="0" branch="False" />
                <line number="17" hits="0" branch="False" />
                <line number="18" hits="0" branch="False" />
              </lines>
            </method>
          </methods>
          <lines>
            <line number="15" hits="0" branch="False" />
            <line number="16" hits="0" branch="False" />
            <line number="17" hits="0" branch="False" />
            <line number="18" hits="0" branch="False" />
          </lines>
        </class>
        <class name="SunnySeat.Data.Repositories.WeatherRepository" filename="D:\SunnySeat\src\backend\SunnySeat.Data\Repositories\WeatherRepository.cs" line-rate="0" branch-rate="0" complexity="4">
          <methods>
            <method name=".ctor" signature="(SunnySeat.Data.SunnySeatDbContext,Microsoft.Extensions.Logging.ILogger`1&lt;SunnySeat.Data.Repositories.WeatherRepository&gt;)" line-rate="0" branch-rate="0" complexity="4">
              <lines>
                <line number="17" hits="0" branch="False" />
                <line number="18" hits="0" branch="False" />
                <line number="19" hits="0" branch="False" />
                <line number="20" hits="0" branch="False" />
                <line number="21" hits="0" branch="True" condition-coverage="0% (0/2)">
                  <conditions>
                    <condition number="11" type="jump" coverage="0%" />
                  </conditions>
                </line>
                <line number="22" hits="0" branch="True" condition-coverage="0% (0/2)">
                  <conditions>
                    <condition number="33" type="jump" coverage="0%" />
                  </conditions>
                </line>
                <line number="23" hits="0" branch="False" />
              </lines>
            </method>
          </methods>
          <lines>
            <line number="17" hits="0" branch="False" />
            <line number="18" hits="0" branch="False" />
            <line number="19" hits="0" branch="False" />
            <line number="20" hits="0" branch="False" />
            <line number="21" hits="0" branch="True" condition-coverage="0% (0/2)">
              <conditions>
                <condition number="11" type="jump" coverage="0%" />
              </conditions>
            </line>
            <line number="22" hits="0" branch="True" condition-coverage="0% (0/2)">
              <conditions>
                <condition number="33" type="jump" coverage="0%" />
              </conditions>
            </line>
            <line number="23" hits="0" branch="False" />
          </lines>
        </class>
        <class name="SunnySeat.Data.Configurations.AdminUserConfiguration" filename="D:\SunnySeat\src\backend\SunnySeat.Data\Configurations\AdminUserConfiguration.cs" line-rate="0" branch-rate="1" complexity="1">
          <methods>
            <method name="Configure" signature="(Microsoft.EntityFrameworkCore.Metadata.Builders.EntityTypeBuilder`1&lt;SunnySeat.Core.Entities.AdminUser&gt;)" line-rate="0" branch-rate="1" complexity="1">
              <lines>
                <line number="14" hits="0" branch="False" />
                <line number="15" hits="0" branch="False" />
                <line number="18" hits="0" branch="False" />
                <line number="21" hits="0" branch="False" />
                <line number="22" hits="0" branch="False" />
                <line number="23" hits="0" branch="False" />
                <line number="24" hits="0" branch="False" />
                <line number="25" hits="0" branch="False" />
                <line number="26" hits="0" branch="False" />
                <line number="29" hits="0" branch="False" />
                <line number="30" hits="0" branch="False" />
                <line number="31" hits="0" branch="False" />
                <line number="32" hits="0" branch="False" />
                <line number="33" hits="0" branch="False" />
                <line number="34" hits="0" branch="False" />
                <line number="37" hits="0" branch="False" />
                <line number="38" hits="0" branch="False" />
                <line number="39" hits="0" branch="False" />
                <line number="42" hits="0" branch="False" />
                <line number="43" hits="0" branch="False" />
                <line number="44" hits="0" branch="False" />
                <line number="45" hits="0" branch="False" />
                <line number="48" hits="0" branch="False" />
                <line number="49" hits="0" branch="False" />
                <line number="50" hits="0" branch="False" />
                <line number="53" hits="0" branch="False" />
                <line number="54" hits="0" branch="False" />
                <line number="55" hits="0" branch="False" />
                <line number="57" hits="0" branch="False" />
                <line number="58" hits="0" branch="False" />
                <line number="61" hits="0" branch="False" />
                <line number="62" hits="0" branch="False" />
                <line number="64" hits="0" branch="False" />
                <line number="65" hits="0" branch="False" />
                <line number="68" hits="0" branch="False" />
                <line number="69" hits="0" branch="False" />
                <line number="70" hits="0" branch="False" />
                <line number="71" hits="0" branch="False" />
                <line number="72" hits="0" branch="False" />
                <line number="73" hits="0" branch="False" />
                <line number="76" hits="0" branch="False" />
                <line number="77" hits="0" branch="False" />
                <line number="79" hits="0" branch="False" />
                <line number="80" hits="0" branch="False" />
                <line number="82" hits="0" branch="False" />
                <line number="83" hits="0" branch="False" />
                <line number="84" hits="0" branch="False" />
                <line number="86" hits="0" branch="False" />
                <line number="87" hits="0" branch="False" />
                <line number="88" hits="0" branch="False" />
              </lines>
            </method>
          </methods>
          <lines>
            <line number="14" hits="0" branch="False" />
            <line number="15" hits="0" branch="False" />
            <line number="18" hits="0" branch="False" />
            <line number="21" hits="0" branch="False" />
            <line number="22" hits="0" branch="False" />
            <line number="23" hits="0" branch="False" />
            <line number="24" hits="0" branch="False" />
            <line number="25" hits="0" branch="False" />
            <line number="26" hits="0" branch="False" />
            <line number="29" hits="0" branch="False" />
            <line number="30" hits="0" branch="False" />
            <line number="31" hits="0" branch="False" />
            <line number="32" hits="0" branch="False" />
            <line number="33" hits="0" branch="False" />
            <line number="34" hits="0" branch="False" />
            <line number="37" hits="0" branch="False" />
            <line number="38" hits="0" branch="False" />
            <line number="39" hits="0" branch="False" />
            <line number="42" hits="0" branch="False" />
            <line number="43" hits="0" branch="False" />
            <line number="44" hits="0" branch="False" />
            <line number="45" hits="0" branch="False" />
            <line number="48" hits="0" branch="False" />
            <line number="49" hits="0" branch="False" />
            <line number="50" hits="0" branch="False" />
            <line number="53" hits="0" branch="False" />
            <line number="54" hits="0" branch="False" />
            <line number="55" hits="0" branch="False" />
            <line number="57" hits="0" branch="False" />
            <line number="58" hits="0" branch="False" />
            <line number="61" hits="0" branch="False" />
            <line number="62" hits="0" branch="False" />
            <line number="64" hits="0" branch="False" />
            <line number="65" hits="0" branch="False" />
            <line number="68" hits="0" branch="False" />
            <line number="69" hits="0" branch="False" />
            <line number="70" hits="0" branch="False" />
            <line number="71" hits="0" branch="False" />
            <line number="72" hits="0" branch="False" />
            <line number="73" hits="0" branch="False" />
            <line number="76" hits="0" branch="False" />
            <line number="77" hits="0" branch="False" />
            <line number="79" hits="0" branch="False" />
            <line number="80" hits="0" branch="False" />
            <line number="82" hits="0" branch="False" />
            <line number="83" hits="0" branch="False" />
            <line number="84" hits="0" branch="False" />
            <line number="86" hits="0" branch="False" />
            <line number="87" hits="0" branch="False" />
            <line number="88" hits="0" branch="False" />
          </lines>
        </class>
        <class name="SunnySeat.Data.Configurations.BuildingConfiguration" filename="D:\SunnySeat\src\backend\SunnySeat.Data\Configurations\BuildingConfiguration.cs" line-rate="0" branch-rate="1" complexity="1">
          <methods>
            <method name="Configure" signature="(Microsoft.EntityFrameworkCore.Metadata.Builders.EntityTypeBuilder`1&lt;SunnySeat.Core.Entities.Building&gt;)" line-rate="0" branch-rate="1" complexity="1">
              <lines>
                <line number="13" hits="0" branch="False" />
                <line number="14" hits="0" branch="False" />
                <line number="17" hits="0" branch="False" />
                <line number="20" hits="0" branch="False" />
                <line number="21" hits="0" branch="False" />
                <line number="22" hits="0" branch="False" />
                <line number="25" hits="0" branch="False" />
                <line number="26" hits="0" branch="False" />
                <line number="27" hits="0" branch="False" />
                <line number="30" hits="0" branch="False" />
                <line number="31" hits="0" branch="False" />
                <line number="32" hits="0" branch="False" />
                <line number="35" hits="0" branch="False" />
                <line number="36" hits="0" branch="False" />
                <line number="37" hits="0" branch="False" />
                <line number="40" hits="0" branch="False" />
                <line number="41" hits="0" branch="False" />
                <line number="44" hits="0" branch="False" />
                <line number="45" hits="0" branch="False" />
                <line number="46" hits="0" branch="False" />
                <line number="48" hits="0" branch="False" />
                <line number="49" hits="0" branch="False" />
                <line number="50" hits="0" branch="False" />
                <line number="55" hits="0" branch="False" />
                <line number="56" hits="0" branch="False" />
                <line number="57" hits="0" branch="False" />
                <line number="60" hits="0" branch="False" />
                <line number="61" hits="0" branch="False" />
                <line number="64" hits="0" branch="False" />
                <line number="65" hits="0" branch="False" />
                <line number="66" hits="0" branch="False" />
                <line number="69" hits="0" branch="False" />
                <line number="70" hits="0" branch="False" />
                <line number="71" hits="0" branch="False" />
              </lines>
            </method>
          </methods>
          <lines>
            <line number="13" hits="0" branch="False" />
            <line number="14" hits="0" branch="False" />
            <line number="17" hits="0" branch="False" />
            <line number="20" hits="0" branch="False" />
            <line number="21" hits="0" branch="False" />
            <line number="22" hits="0" branch="False" />
            <line number="25" hits="0" branch="False" />
            <line number="26" hits="0" branch="False" />
            <line number="27" hits="0" branch="False" />
            <line number="30" hits="0" branch="False" />
            <line number="31" hits="0" branch="False" />
            <line number="32" hits="0" branch="False" />
            <line number="35" hits="0" branch="False" />
            <line number="36" hits="0" branch="False" />
            <line number="37" hits="0" branch="False" />
            <line number="40" hits="0" branch="False" />
            <line number="41" hits="0" branch="False" />
            <line number="44" hits="0" branch="False" />
            <line number="45" hits="0" branch="False" />
            <line number="46" hits="0" branch="False" />
            <line number="48" hits="0" branch="False" />
            <line number="49" hits="0" branch="False" />
            <line number="50" hits="0" branch="False" />
            <line number="55" hits="0" branch="False" />
            <line number="56" hits="0" branch="False" />
            <line number="57" hits="0" branch="False" />
            <line number="60" hits="0" branch="False" />
            <line number="61" hits="0" branch="False" />
            <line number="64" hits="0" branch="False" />
            <line number="65" hits="0" branch="False" />
            <line number="66" hits="0" branch="False" />
            <line number="69" hits="0" branch="False" />
            <line number="70" hits="0" branch="False" />
            <line number="71" hits="0" branch="False" />
          </lines>
        </class>
      </classes>
    </package>
    <package name="SunnySeat.Shared" line-rate="0" branch-rate="0" complexity="11">
      <classes>
        <class name="SunnySeat.Shared.Constants.Roles" filename="D:\SunnySeat\src\backend\SunnySeat.Shared\Constants\Roles.cs" line-rate="0" branch-rate="1" complexity="1">
          <methods>
            <method name=".cctor" signature="()" line-rate="0" branch-rate="1" complexity="1">
              <lines>
                <line number="21" hits="0" branch="False" />
              </lines>
            </method>
          </methods>
          <lines>
            <line number="21" hits="0" branch="False" />
          </lines>
        </class>
        <class name="SunnySeat.Shared.Configuration.JwtOptions" filename="D:\SunnySeat\src\backend\SunnySeat.Shared\Configuration\JwtOptions.cs" line-rate="0" branch-rate="0" complexity="10">
          <methods>
            <method name="get_IsValid" signature="()" line-rate="0" branch-rate="0" complexity="10">
              <lines>
                <line number="39" hits="0" branch="True" condition-coverage="0% (0/10)">
                  <conditions>
                    <condition number="11" type="jump" coverage="0%" />
                    <condition number="26" type="jump" coverage="0%" />
                    <condition number="39" type="jump" coverage="0%" />
                    <condition number="52" type="jump" coverage="0%" />
                    <condition number="61" type="jump" coverage="0%" />
                  </conditions>
                </line>
                <line number="40" hits="0" branch="False" />
                <line number="41" hits="0" branch="False" />
                <line number="42" hits="0" branch="False" />
                <line number="43" hits="0" branch="False" />
              </lines>
            </method>
          </methods>
          <lines>
            <line number="39" hits="0" branch="True" condition-coverage="0% (0/10)">
              <conditions>
                <condition number="11" type="jump" coverage="0%" />
                <condition number="26" type="jump" coverage="0%" />
                <condition number="39" type="jump" coverage="0%" />
                <condition number="52" type="jump" coverage="0%" />
                <condition number="61" type="jump" coverage="0%" />
              </conditions>
            </line>
            <line number="40" hits="0" branch="False" />
            <line number="41" hits="0" branch="False" />
            <line number="42" hits="0" branch="False" />
            <line number="43" hits="0" branch="False" />
          </lines>
        </class>
      </classes>
    </package>
  </packages>
</coverage>