<?xml version="1.0" encoding="utf-8"?>
<coverage line-rate="0.5035000000000001" branch-rate="0.20309999999999997" version="1.9" timestamp="1760348536" lines-covered="1629" lines-valid="3235" branches-covered="182" branches-valid="896">
  <sources>
    <source></source>
  </sources>
  <packages>
    <package name="SunnySeat.Api" line-rate="0.8195999999999999" branch-rate="0.2" complexity="60">
      <classes>
        <class name="Program" filename="D:\SunnySeat\src\backend\SunnySeat.Api\Program.cs" line-rate="0.9925" branch-rate="0.6666" complexity="6">
          <methods>
            <method name="&lt;Main&gt;$" signature="(System.String[])" line-rate="0.9925" branch-rate="0.6666" complexity="6">
              <lines>
                <line number="25" hits="8" branch="False" />
                <line number="27" hits="8" branch="False" />
                <line number="30" hits="8" branch="False" />
                <line number="31" hits="8" branch="False" />
                <line number="34" hits="8" branch="False" />
                <line number="35" hits="8" branch="False" />
                <line number="36" hits="8" branch="False" />
                <line number="37" hits="8" branch="False" />
                <line number="38" hits="8" branch="False" />
                <line number="39" hits="8" branch="False" />
                <line number="40" hits="8" branch="False" />
                <line number="41" hits="8" branch="False" />
                <line number="42" hits="8" branch="False" />
                <line number="43" hits="8" branch="False" />
                <line number="44" hits="8" branch="False" />
                <line number="45" hits="8" branch="False" />
                <line number="46" hits="8" branch="False" />
                <line number="47" hits="8" branch="False" />
                <line number="48" hits="8" branch="False" />
                <line number="49" hits="8" branch="False" />
                <line number="50" hits="8" branch="False" />
                <line number="51" hits="8" branch="False" />
                <line number="54" hits="8" branch="False" />
                <line number="55" hits="8" branch="False" />
                <line number="56" hits="8" branch="False" />
                <line number="57" hits="8" branch="False" />
                <line number="58" hits="8" branch="False" />
                <line number="59" hits="8" branch="False" />
                <line number="62" hits="8" branch="False" />
                <line number="63" hits="8" branch="False" />
                <line number="65" hits="8" branch="True" condition-coverage="50% (2/4)">
                  <conditions>
                    <condition number="241" type="jump" coverage="50%" />
                    <condition number="262" type="jump" coverage="50%" />
                  </conditions>
                </line>
                <line number="66" hits="0" branch="False" />
                <line number="67" hits="0" branch="False" />
                <line number="71" hits="8" branch="False" />
                <line number="72" hits="8" branch="False" />
                <line number="73" hits="8" branch="False" />
                <line number="74" hits="8" branch="False" />
                <line number="75" hits="8" branch="False" />
                <line number="76" hits="8" branch="False" />
                <line number="77" hits="8" branch="False" />
                <line number="78" hits="8" branch="False" />
                <line number="79" hits="8" branch="False" />
                <line number="80" hits="8" branch="False" />
                <line number="81" hits="8" branch="False" />
                <line number="82" hits="8" branch="False" />
                <line number="83" hits="8" branch="False" />
                <line number="84" hits="8" branch="False" />
                <line number="85" hits="8" branch="False" />
                <line number="86" hits="8" branch="False" />
                <line number="87" hits="8" branch="False" />
                <line number="88" hits="8" branch="False" />
                <line number="89" hits="8" branch="False" />
                <line number="90" hits="8" branch="False" />
                <line number="91" hits="8" branch="False" />
                <line number="92" hits="8" branch="False" />
                <line number="93" hits="8" branch="False" />
                <line number="94" hits="8" branch="False" />
                <line number="95" hits="8" branch="False" />
                <line number="96" hits="8" branch="False" />
                <line number="97" hits="8" branch="False" />
                <line number="98" hits="8" branch="False" />
                <line number="99" hits="8" branch="False" />
                <line number="100" hits="8" branch="False" />
                <line number="101" hits="8" branch="False" />
                <line number="102" hits="8" branch="False" />
                <line number="103" hits="8" branch="False" />
                <line number="104" hits="8" branch="False" />
                <line number="105" hits="8" branch="False" />
                <line number="106" hits="8" branch="False" />
                <line number="107" hits="8" branch="False" />
                <line number="108" hits="8" branch="False" />
                <line number="109" hits="8" branch="False" />
                <line number="110" hits="8" branch="False" />
                <line number="111" hits="8" branch="False" />
                <line number="112" hits="8" branch="False" />
                <line number="113" hits="8" branch="False" />
                <line number="114" hits="8" branch="False" />
                <line number="115" hits="8" branch="False" />
                <line number="116" hits="8" branch="False" />
                <line number="117" hits="8" branch="False" />
                <line number="118" hits="8" branch="False" />
                <line number="119" hits="8" branch="False" />
                <line number="120" hits="8" branch="False" />
                <line number="121" hits="8" branch="False" />
                <line number="122" hits="8" branch="False" />
                <line number="123" hits="8" branch="False" />
                <line number="124" hits="8" branch="False" />
                <line number="125" hits="8" branch="False" />
                <line number="126" hits="8" branch="False" />
                <line number="127" hits="8" branch="False" />
                <line number="130" hits="8" branch="False" />
                <line number="131" hits="8" branch="False" />
                <line number="132" hits="8" branch="False" />
                <line number="133" hits="8" branch="False" />
                <line number="134" hits="8" branch="False" />
                <line number="135" hits="8" branch="False" />
                <line number="136" hits="8" branch="False" />
                <line number="137" hits="8" branch="False" />
                <line number="138" hits="8" branch="False" />
                <line number="139" hits="8" branch="False" />
                <line number="142" hits="8" branch="False" />
                <line number="143" hits="8" branch="False" />
                <line number="144" hits="8" branch="False" />
                <line number="145" hits="8" branch="False" />
                <line number="146" hits="8" branch="False" />
                <line number="147" hits="8" branch="False" />
                <line number="148" hits="8" branch="False" />
                <line number="149" hits="8" branch="False" />
                <line number="152" hits="8" branch="False" />
                <line number="153" hits="8" branch="False" />
                <line number="154" hits="8" branch="False" />
                <line number="155" hits="8" branch="False" />
                <line number="156" hits="8" branch="False" />
                <line number="157" hits="8" branch="False" />
                <line number="158" hits="8" branch="False" />
                <line number="161" hits="8" branch="False" />
                <line number="162" hits="8" branch="False" />
                <line number="163" hits="8" branch="False" />
                <line number="164" hits="8" branch="False" />
                <line number="165" hits="8" branch="False" />
                <line number="166" hits="8" branch="False" />
                <line number="167" hits="8" branch="False" />
                <line number="170" hits="8" branch="False" />
                <line number="171" hits="8" branch="False" />
                <line number="172" hits="8" branch="False" />
                <line number="173" hits="8" branch="False" />
                <line number="177" hits="8" branch="False" />
                <line number="180" hits="8" branch="False" />
                <line number="181" hits="8" branch="False" />
                <line number="182" hits="8" branch="False" />
                <line number="185" hits="8" branch="False" />
                <line number="186" hits="8" branch="False" />
                <line number="189" hits="8" branch="False" />
                <line number="192" hits="8" branch="False" />
                <line number="193" hits="8" branch="False" />
                <line number="194" hits="8" branch="False" />
                <line number="195" hits="8" branch="False" />
                <line number="196" hits="8" branch="False" />
                <line number="197" hits="8" branch="False" />
                <line number="199" hits="8" branch="False" />
                <line number="200" hits="8" branch="False" />
                <line number="201" hits="8" branch="False" />
                <line number="202" hits="8" branch="False" />
                <line number="203" hits="8" branch="False" />
                <line number="205" hits="8" branch="False" />
                <line number="206" hits="8" branch="False" />
                <line number="207" hits="8" branch="False" />
                <line number="208" hits="8" branch="False" />
                <line number="209" hits="8" branch="False" />
                <line number="212" hits="8" branch="False" />
                <line number="215" hits="8" branch="False" />
                <line number="220" hits="8" branch="False" />
                <line number="223" hits="8" branch="False" />
                <line number="226" hits="8" branch="False" />
                <line number="227" hits="8" branch="False" />
                <line number="230" hits="8" branch="False" />
                <line number="231" hits="8" branch="False" />
                <line number="232" hits="8" branch="False" />
                <line number="233" hits="8" branch="False" />
                <line number="234" hits="8" branch="False" />
                <line number="235" hits="8" branch="False" />
                <line number="236" hits="8" branch="False" />
                <line number="237" hits="8" branch="False" />
                <line number="238" hits="8" branch="False" />
                <line number="239" hits="8" branch="False" />
                <line number="240" hits="8" branch="False" />
                <line number="241" hits="8" branch="False" />
                <line number="242" hits="8" branch="False" />
                <line number="243" hits="8" branch="False" />
                <line number="244" hits="8" branch="False" />
                <line number="245" hits="8" branch="False" />
                <line number="246" hits="8" branch="False" />
                <line number="247" hits="8" branch="False" />
                <line number="248" hits="8" branch="False" />
                <line number="249" hits="8" branch="False" />
                <line number="250" hits="8" branch="False" />
                <line number="251" hits="8" branch="False" />
                <line number="252" hits="8" branch="False" />
                <line number="253" hits="8" branch="False" />
                <line number="254" hits="8" branch="False" />
                <line number="257" hits="8" branch="False" />
                <line number="258" hits="8" branch="False" />
                <line number="259" hits="8" branch="False" />
                <line number="260" hits="8" branch="False" />
                <line number="261" hits="8" branch="False" />
                <line number="262" hits="8" branch="False" />
                <line number="263" hits="8" branch="False" />
                <line number="264" hits="8" branch="False" />
                <line number="265" hits="8" branch="False" />
                <line number="266" hits="8" branch="False" />
                <line number="267" hits="8" branch="False" />
                <line number="268" hits="8" branch="False" />
                <line number="269" hits="8" branch="False" />
                <line number="270" hits="8" branch="False" />
                <line number="271" hits="8" branch="False" />
                <line number="272" hits="8" branch="False" />
                <line number="273" hits="8" branch="False" />
                <line number="274" hits="8" branch="False" />
                <line number="275" hits="8" branch="False" />
                <line number="276" hits="8" branch="False" />
                <line number="277" hits="8" branch="False" />
                <line number="279" hits="8" branch="False" />
                <line number="282" hits="8" branch="True" condition-coverage="100% (2/2)">
                  <conditions>
                    <condition number="1267" type="jump" coverage="100%" />
                  </conditions>
                </line>
                <line number="283" hits="8" branch="False" />
                <line number="284" hits="8" branch="False" />
                <line number="285" hits="8" branch="False" />
                <line number="286" hits="8" branch="False" />
                <line number="289" hits="8" branch="False" />
                <line number="290" hits="8" branch="False" />
                <line number="293" hits="8" branch="False" />
                <line number="296" hits="8" branch="False" />
                <line number="297" hits="8" branch="False" />
                <line number="300" hits="8" branch="False" />
                <line number="301" hits="8" branch="False" />
                <line number="302" hits="8" branch="False" />
                <line number="303" hits="8" branch="False" />
                <line number="304" hits="8" branch="False" />
                <line number="305" hits="8" branch="False" />
                <line number="306" hits="8" branch="False" />
                <line number="307" hits="8" branch="False" />
                <line number="308" hits="8" branch="False" />
                <line number="309" hits="8" branch="False" />
                <line number="310" hits="8" branch="False" />
                <line number="311" hits="8" branch="False" />
                <line number="312" hits="8" branch="False" />
                <line number="313" hits="8" branch="False" />
                <line number="314" hits="8" branch="False" />
                <line number="317" hits="8" branch="False" />
                <line number="318" hits="8" branch="False" />
                <line number="319" hits="8" branch="False" />
                <line number="320" hits="8" branch="False" />
                <line number="321" hits="8" branch="False" />
                <line number="323" hits="8" branch="False" />
                <line number="324" hits="8" branch="False" />
                <line number="325" hits="8" branch="False" />
                <line number="326" hits="8" branch="False" />
                <line number="329" hits="8" branch="False" />
                <line number="330" hits="8" branch="False" />
                <line number="331" hits="8" branch="False" />
                <line number="332" hits="8" branch="False" />
                <line number="333" hits="8" branch="False" />
                <line number="334" hits="8" branch="False" />
                <line number="335" hits="8" branch="False" />
                <line number="336" hits="8" branch="False" />
                <line number="337" hits="8" branch="False" />
                <line number="338" hits="8" branch="False" />
                <line number="339" hits="8" branch="False" />
                <line number="340" hits="8" branch="False" />
                <line number="341" hits="8" branch="False" />
                <line number="342" hits="8" branch="False" />
                <line number="343" hits="8" branch="False" />
                <line number="346" hits="8" branch="False" />
                <line number="349" hits="8" branch="False" />
                <line number="352" hits="8" branch="False" />
                <line number="353" hits="8" branch="False" />
                <line number="354" hits="8" branch="False" />
                <line number="355" hits="8" branch="False" />
                <line number="358" hits="8" branch="False" />
                <line number="361" hits="8" branch="False" />
                <line number="362" hits="8" branch="False" />
                <line number="365" hits="8" branch="False" />
                <line number="366" hits="8" branch="False" />
                <line number="367" hits="8" branch="False" />
                <line number="370" hits="8" branch="False" />
                <line number="373" hits="8" branch="False" />
                <line number="374" hits="8" branch="False" />
                <line number="375" hits="8" branch="False" />
                <line number="377" hits="8" branch="False" />
              </lines>
            </method>
          </methods>
          <lines>
            <line number="25" hits="8" branch="False" />
            <line number="27" hits="8" branch="False" />
            <line number="30" hits="8" branch="False" />
            <line number="31" hits="8" branch="False" />
            <line number="34" hits="8" branch="False" />
            <line number="35" hits="8" branch="False" />
            <line number="36" hits="8" branch="False" />
            <line number="37" hits="8" branch="False" />
            <line number="38" hits="8" branch="False" />
            <line number="39" hits="8" branch="False" />
            <line number="40" hits="8" branch="False" />
            <line number="41" hits="8" branch="False" />
            <line number="42" hits="8" branch="False" />
            <line number="43" hits="8" branch="False" />
            <line number="44" hits="8" branch="False" />
            <line number="45" hits="8" branch="False" />
            <line number="46" hits="8" branch="False" />
            <line number="47" hits="8" branch="False" />
            <line number="48" hits="8" branch="False" />
            <line number="49" hits="8" branch="False" />
            <line number="50" hits="8" branch="False" />
            <line number="51" hits="8" branch="False" />
            <line number="54" hits="8" branch="False" />
            <line number="55" hits="8" branch="False" />
            <line number="56" hits="8" branch="False" />
            <line number="57" hits="8" branch="False" />
            <line number="58" hits="8" branch="False" />
            <line number="59" hits="8" branch="False" />
            <line number="62" hits="8" branch="False" />
            <line number="63" hits="8" branch="False" />
            <line number="65" hits="8" branch="True" condition-coverage="50% (2/4)">
              <conditions>
                <condition number="241" type="jump" coverage="50%" />
                <condition number="262" type="jump" coverage="50%" />
              </conditions>
            </line>
            <line number="66" hits="0" branch="False" />
            <line number="67" hits="0" branch="False" />
            <line number="71" hits="8" branch="False" />
            <line number="72" hits="8" branch="False" />
            <line number="73" hits="8" branch="False" />
            <line number="74" hits="8" branch="False" />
            <line number="75" hits="8" branch="False" />
            <line number="76" hits="8" branch="False" />
            <line number="77" hits="8" branch="False" />
            <line number="78" hits="8" branch="False" />
            <line number="79" hits="8" branch="False" />
            <line number="80" hits="8" branch="False" />
            <line number="81" hits="8" branch="False" />
            <line number="82" hits="8" branch="False" />
            <line number="83" hits="8" branch="False" />
            <line number="84" hits="8" branch="False" />
            <line number="85" hits="8" branch="False" />
            <line number="86" hits="8" branch="False" />
            <line number="87" hits="8" branch="False" />
            <line number="88" hits="8" branch="False" />
            <line number="89" hits="8" branch="False" />
            <line number="90" hits="8" branch="False" />
            <line number="91" hits="8" branch="False" />
            <line number="92" hits="8" branch="False" />
            <line number="93" hits="8" branch="False" />
            <line number="94" hits="8" branch="False" />
            <line number="95" hits="8" branch="False" />
            <line number="96" hits="8" branch="False" />
            <line number="97" hits="8" branch="False" />
            <line number="98" hits="8" branch="False" />
            <line number="99" hits="8" branch="False" />
            <line number="100" hits="8" branch="False" />
            <line number="101" hits="8" branch="False" />
            <line number="102" hits="8" branch="False" />
            <line number="103" hits="8" branch="False" />
            <line number="104" hits="8" branch="False" />
            <line number="105" hits="8" branch="False" />
            <line number="106" hits="8" branch="False" />
            <line number="107" hits="8" branch="False" />
            <line number="108" hits="8" branch="False" />
            <line number="109" hits="8" branch="False" />
            <line number="110" hits="8" branch="False" />
            <line number="111" hits="8" branch="False" />
            <line number="112" hits="8" branch="False" />
            <line number="113" hits="8" branch="False" />
            <line number="114" hits="8" branch="False" />
            <line number="115" hits="8" branch="False" />
            <line number="116" hits="8" branch="False" />
            <line number="117" hits="8" branch="False" />
            <line number="118" hits="8" branch="False" />
            <line number="119" hits="8" branch="False" />
            <line number="120" hits="8" branch="False" />
            <line number="121" hits="8" branch="False" />
            <line number="122" hits="8" branch="False" />
            <line number="123" hits="8" branch="False" />
            <line number="124" hits="8" branch="False" />
            <line number="125" hits="8" branch="False" />
            <line number="126" hits="8" branch="False" />
            <line number="127" hits="8" branch="False" />
            <line number="130" hits="8" branch="False" />
            <line number="131" hits="8" branch="False" />
            <line number="132" hits="8" branch="False" />
            <line number="133" hits="8" branch="False" />
            <line number="134" hits="8" branch="False" />
            <line number="135" hits="8" branch="False" />
            <line number="136" hits="8" branch="False" />
            <line number="137" hits="8" branch="False" />
            <line number="138" hits="8" branch="False" />
            <line number="139" hits="8" branch="False" />
            <line number="142" hits="8" branch="False" />
            <line number="143" hits="8" branch="False" />
            <line number="144" hits="8" branch="False" />
            <line number="145" hits="8" branch="False" />
            <line number="146" hits="8" branch="False" />
            <line number="147" hits="8" branch="False" />
            <line number="148" hits="8" branch="False" />
            <line number="149" hits="8" branch="False" />
            <line number="152" hits="8" branch="False" />
            <line number="153" hits="8" branch="False" />
            <line number="154" hits="8" branch="False" />
            <line number="155" hits="8" branch="False" />
            <line number="156" hits="8" branch="False" />
            <line number="157" hits="8" branch="False" />
            <line number="158" hits="8" branch="False" />
            <line number="161" hits="8" branch="False" />
            <line number="162" hits="8" branch="False" />
            <line number="163" hits="8" branch="False" />
            <line number="164" hits="8" branch="False" />
            <line number="165" hits="8" branch="False" />
            <line number="166" hits="8" branch="False" />
            <line number="167" hits="8" branch="False" />
            <line number="170" hits="8" branch="False" />
            <line number="171" hits="8" branch="False" />
            <line number="172" hits="8" branch="False" />
            <line number="173" hits="8" branch="False" />
            <line number="177" hits="8" branch="False" />
            <line number="180" hits="8" branch="False" />
            <line number="181" hits="8" branch="False" />
            <line number="182" hits="8" branch="False" />
            <line number="185" hits="8" branch="False" />
            <line number="186" hits="8" branch="False" />
            <line number="189" hits="8" branch="False" />
            <line number="192" hits="8" branch="False" />
            <line number="193" hits="8" branch="False" />
            <line number="194" hits="8" branch="False" />
            <line number="195" hits="8" branch="False" />
            <line number="196" hits="8" branch="False" />
            <line number="197" hits="8" branch="False" />
            <line number="199" hits="8" branch="False" />
            <line number="200" hits="8" branch="False" />
            <line number="201" hits="8" branch="False" />
            <line number="202" hits="8" branch="False" />
            <line number="203" hits="8" branch="False" />
            <line number="205" hits="8" branch="False" />
            <line number="206" hits="8" branch="False" />
            <line number="207" hits="8" branch="False" />
            <line number="208" hits="8" branch="False" />
            <line number="209" hits="8" branch="False" />
            <line number="212" hits="8" branch="False" />
            <line number="215" hits="8" branch="False" />
            <line number="220" hits="8" branch="False" />
            <line number="223" hits="8" branch="False" />
            <line number="226" hits="8" branch="False" />
            <line number="227" hits="8" branch="False" />
            <line number="230" hits="8" branch="False" />
            <line number="231" hits="8" branch="False" />
            <line number="232" hits="8" branch="False" />
            <line number="233" hits="8" branch="False" />
            <line number="234" hits="8" branch="False" />
            <line number="235" hits="8" branch="False" />
            <line number="236" hits="8" branch="False" />
            <line number="237" hits="8" branch="False" />
            <line number="238" hits="8" branch="False" />
            <line number="239" hits="8" branch="False" />
            <line number="240" hits="8" branch="False" />
            <line number="241" hits="8" branch="False" />
            <line number="242" hits="8" branch="False" />
            <line number="243" hits="8" branch="False" />
            <line number="244" hits="8" branch="False" />
            <line number="245" hits="8" branch="False" />
            <line number="246" hits="8" branch="False" />
            <line number="247" hits="8" branch="False" />
            <line number="248" hits="8" branch="False" />
            <line number="249" hits="8" branch="False" />
            <line number="250" hits="8" branch="False" />
            <line number="251" hits="8" branch="False" />
            <line number="252" hits="8" branch="False" />
            <line number="253" hits="8" branch="False" />
            <line number="254" hits="8" branch="False" />
            <line number="257" hits="8" branch="False" />
            <line number="258" hits="8" branch="False" />
            <line number="259" hits="8" branch="False" />
            <line number="260" hits="8" branch="False" />
            <line number="261" hits="8" branch="False" />
            <line number="262" hits="8" branch="False" />
            <line number="263" hits="8" branch="False" />
            <line number="264" hits="8" branch="False" />
            <line number="265" hits="8" branch="False" />
            <line number="266" hits="8" branch="False" />
            <line number="267" hits="8" branch="False" />
            <line number="268" hits="8" branch="False" />
            <line number="269" hits="8" branch="False" />
            <line number="270" hits="8" branch="False" />
            <line number="271" hits="8" branch="False" />
            <line number="272" hits="8" branch="False" />
            <line number="273" hits="8" branch="False" />
            <line number="274" hits="8" branch="False" />
            <line number="275" hits="8" branch="False" />
            <line number="276" hits="8" branch="False" />
            <line number="277" hits="8" branch="False" />
            <line number="279" hits="8" branch="False" />
            <line number="282" hits="8" branch="True" condition-coverage="100% (2/2)">
              <conditions>
                <condition number="1267" type="jump" coverage="100%" />
              </conditions>
            </line>
            <line number="283" hits="8" branch="False" />
            <line number="284" hits="8" branch="False" />
            <line number="285" hits="8" branch="False" />
            <line number="286" hits="8" branch="False" />
            <line number="289" hits="8" branch="False" />
            <line number="290" hits="8" branch="False" />
            <line number="293" hits="8" branch="False" />
            <line number="296" hits="8" branch="False" />
            <line number="297" hits="8" branch="False" />
            <line number="300" hits="8" branch="False" />
            <line number="301" hits="8" branch="False" />
            <line number="302" hits="8" branch="False" />
            <line number="303" hits="8" branch="False" />
            <line number="304" hits="8" branch="False" />
            <line number="305" hits="8" branch="False" />
            <line number="306" hits="8" branch="False" />
            <line number="307" hits="8" branch="False" />
            <line number="308" hits="8" branch="False" />
            <line number="309" hits="8" branch="False" />
            <line number="310" hits="8" branch="False" />
            <line number="311" hits="8" branch="False" />
            <line number="312" hits="8" branch="False" />
            <line number="313" hits="8" branch="False" />
            <line number="314" hits="8" branch="False" />
            <line number="317" hits="8" branch="False" />
            <line number="318" hits="8" branch="False" />
            <line number="319" hits="8" branch="False" />
            <line number="320" hits="8" branch="False" />
            <line number="321" hits="8" branch="False" />
            <line number="323" hits="8" branch="False" />
            <line number="324" hits="8" branch="False" />
            <line number="325" hits="8" branch="False" />
            <line number="326" hits="8" branch="False" />
            <line number="329" hits="8" branch="False" />
            <line number="330" hits="8" branch="False" />
            <line number="331" hits="8" branch="False" />
            <line number="332" hits="8" branch="False" />
            <line number="333" hits="8" branch="False" />
            <line number="334" hits="8" branch="False" />
            <line number="335" hits="8" branch="False" />
            <line number="336" hits="8" branch="False" />
            <line number="337" hits="8" branch="False" />
            <line number="338" hits="8" branch="False" />
            <line number="339" hits="8" branch="False" />
            <line number="340" hits="8" branch="False" />
            <line number="341" hits="8" branch="False" />
            <line number="342" hits="8" branch="False" />
            <line number="343" hits="8" branch="False" />
            <line number="346" hits="8" branch="False" />
            <line number="349" hits="8" branch="False" />
            <line number="352" hits="8" branch="False" />
            <line number="353" hits="8" branch="False" />
            <line number="354" hits="8" branch="False" />
            <line number="355" hits="8" branch="False" />
            <line number="358" hits="8" branch="False" />
            <line number="361" hits="8" branch="False" />
            <line number="362" hits="8" branch="False" />
            <line number="365" hits="8" branch="False" />
            <line number="366" hits="8" branch="False" />
            <line number="367" hits="8" branch="False" />
            <line number="370" hits="8" branch="False" />
            <line number="373" hits="8" branch="False" />
            <line number="374" hits="8" branch="False" />
            <line number="375" hits="8" branch="False" />
            <line number="377" hits="8" branch="False" />
          </lines>
        </class>
        <class name="SunnySeat.Api.Services.SignalRAccuracyMetricsBroadcaster" filename="D:\SunnySeat\src\backend\SunnySeat.Api\Services\SignalRAccuracyMetricsBroadcaster.cs" line-rate="0" branch-rate="0" complexity="4">
          <methods>
            <method name=".ctor" signature="(Microsoft.AspNetCore.SignalR.IHubContext`1&lt;SunnySeat.Api.Hubs.AccuracyMetricsHub&gt;,Microsoft.Extensions.Logging.ILogger`1&lt;SunnySeat.Api.Services.SignalRAccuracyMetricsBroadcaster&gt;)" line-rate="0" branch-rate="0" complexity="4">
              <lines>
                <line number="16" hits="0" branch="False" />
                <line number="17" hits="0" branch="False" />
                <line number="18" hits="0" branch="False" />
                <line number="19" hits="0" branch="False" />
                <line number="20" hits="0" branch="True" condition-coverage="0% (0/2)">
                  <conditions>
                    <condition number="11" type="jump" coverage="0%" />
                  </conditions>
                </line>
                <line number="21" hits="0" branch="True" condition-coverage="0% (0/2)">
                  <conditions>
                    <condition number="33" type="jump" coverage="0%" />
                  </conditions>
                </line>
                <line number="22" hits="0" branch="False" />
              </lines>
            </method>
          </methods>
          <lines>
            <line number="16" hits="0" branch="False" />
            <line number="17" hits="0" branch="False" />
            <line number="18" hits="0" branch="False" />
            <line number="19" hits="0" branch="False" />
            <line number="20" hits="0" branch="True" condition-coverage="0% (0/2)">
              <conditions>
                <condition number="11" type="jump" coverage="0%" />
              </conditions>
            </line>
            <line number="21" hits="0" branch="True" condition-coverage="0% (0/2)">
              <conditions>
                <condition number="33" type="jump" coverage="0%" />
              </conditions>
            </line>
            <line number="22" hits="0" branch="False" />
          </lines>
        </class>
        <class name="SunnySeat.Api.Middleware.RateLimitingMiddleware" filename="D:\SunnySeat\src\backend\SunnySeat.Api\Middleware\RateLimitingMiddleware.cs" line-rate="0.9117000000000001" branch-rate="0.5" complexity="12">
          <methods>
            <method name="GetClientId" signature="(Microsoft.AspNetCore.Http.HttpContext)" line-rate="0.6666" branch-rate="0.5" complexity="8">
              <lines>
                <line number="50" hits="29" branch="False" />
                <line number="52" hits="29" branch="True" condition-coverage="50% (1/2)">
                  <conditions>
                    <condition number="13" type="jump" coverage="50%" />
                  </conditions>
                </line>
                <line number="55" hits="29" branch="False" />
                <line number="56" hits="29" branch="True" condition-coverage="50% (1/2)">
                  <conditions>
                    <condition number="68" type="jump" coverage="50%" />
                  </conditions>
                </line>
                <line number="57" hits="0" branch="False" />
                <line number="58" hits="0" branch="True" condition-coverage="0% (0/2)">
                  <conditions>
                    <condition number="86" type="jump" coverage="0%" />
                  </conditions>
                </line>
                <line number="59" hits="0" branch="False" />
                <line number="61" hits="29" branch="True" condition-coverage="100% (2/2)">
                  <conditions>
                    <condition number="101" type="jump" coverage="100%" />
                  </conditions>
                </line>
                <line number="62" hits="29" branch="False" />
              </lines>
            </method>
            <method name="IsAuthenticationEndpoint" signature="(Microsoft.AspNetCore.Http.PathString)" line-rate="1" branch-rate="1" complexity="1">
              <lines>
                <line number="65" hits="29" branch="False" />
                <line number="66" hits="29" branch="False" />
                <line number="67" hits="29" branch="False" />
              </lines>
            </method>
            <method name="IsRequestAllowed" signature="(System.String,System.Int32,System.Boolean)" line-rate="1" branch-rate="0.5" complexity="2">
              <lines>
                <line number="70" hits="29" branch="False" />
                <line number="71" hits="29" branch="True" condition-coverage="50% (1/2)">
                  <conditions>
                    <condition number="7" type="jump" coverage="50%" />
                  </conditions>
                </line>
                <line number="72" hits="29" branch="False" />
                <line number="73" hits="29" branch="False" />
                <line number="75" hits="29" branch="False" />
                <line number="76" hits="29" branch="False" />
                <line number="77" hits="29" branch="False" />
                <line number="78" hits="29" branch="False" />
                <line number="79" hits="29" branch="False" />
                <line number="81" hits="29" branch="False" />
                <line number="82" hits="29" branch="False" />
                <line number="84" hits="29" branch="False" />
                <line number="85" hits="29" branch="False" />
              </lines>
            </method>
            <method name=".ctor" signature="(Microsoft.AspNetCore.Http.RequestDelegate,Microsoft.Extensions.Caching.Memory.IMemoryCache,Microsoft.Extensions.Logging.ILogger`1&lt;SunnySeat.Api.Middleware.RateLimitingMiddleware&gt;)" line-rate="1" branch-rate="1" complexity="1">
              <lines>
                <line number="20" hits="8" branch="False" />
                <line number="21" hits="8" branch="False" />
                <line number="22" hits="8" branch="False" />
                <line number="23" hits="8" branch="False" />
                <line number="24" hits="8" branch="False" />
                <line number="25" hits="8" branch="False" />
                <line number="26" hits="8" branch="False" />
                <line number="27" hits="8" branch="False" />
                <line number="28" hits="8" branch="False" />
              </lines>
            </method>
          </methods>
          <lines>
            <line number="50" hits="29" branch="False" />
            <line number="52" hits="29" branch="True" condition-coverage="50% (1/2)">
              <conditions>
                <condition number="13" type="jump" coverage="50%" />
              </conditions>
            </line>
            <line number="55" hits="29" branch="False" />
            <line number="56" hits="29" branch="True" condition-coverage="50% (1/2)">
              <conditions>
                <condition number="68" type="jump" coverage="50%" />
              </conditions>
            </line>
            <line number="57" hits="0" branch="False" />
            <line number="58" hits="0" branch="True" condition-coverage="0% (0/2)">
              <conditions>
                <condition number="86" type="jump" coverage="0%" />
              </conditions>
            </line>
            <line number="59" hits="0" branch="False" />
            <line number="61" hits="29" branch="True" condition-coverage="100% (2/2)">
              <conditions>
                <condition number="101" type="jump" coverage="100%" />
              </conditions>
            </line>
            <line number="62" hits="29" branch="False" />
            <line number="65" hits="29" branch="False" />
            <line number="66" hits="29" branch="False" />
            <line number="67" hits="29" branch="False" />
            <line number="70" hits="29" branch="False" />
            <line number="71" hits="29" branch="True" condition-coverage="50% (1/2)">
              <conditions>
                <condition number="7" type="jump" coverage="50%" />
              </conditions>
            </line>
            <line number="72" hits="29" branch="False" />
            <line number="73" hits="29" branch="False" />
            <line number="75" hits="29" branch="False" />
            <line number="76" hits="29" branch="False" />
            <line number="77" hits="29" branch="False" />
            <line number="78" hits="29" branch="False" />
            <line number="79" hits="29" branch="False" />
            <line number="81" hits="29" branch="False" />
            <line number="82" hits="29" branch="False" />
            <line number="84" hits="29" branch="False" />
            <line number="85" hits="29" branch="False" />
            <line number="20" hits="8" branch="False" />
            <line number="21" hits="8" branch="False" />
            <line number="22" hits="8" branch="False" />
            <line number="23" hits="8" branch="False" />
            <line number="24" hits="8" branch="False" />
            <line number="25" hits="8" branch="False" />
            <line number="26" hits="8" branch="False" />
            <line number="27" hits="8" branch="False" />
            <line number="28" hits="8" branch="False" />
          </lines>
        </class>
        <class name="SunnySeat.Api.Middleware.DateTimeExtensions" filename="D:\SunnySeat\src\backend\SunnySeat.Api\Middleware\RateLimitingMiddleware.cs" line-rate="1" branch-rate="0.5" complexity="2">
          <methods>
            <method name="Truncate" signature="(System.DateTime,System.TimeSpan)" line-rate="1" branch-rate="0.5" complexity="2">
              <lines>
                <line number="112" hits="29" branch="False" />
                <line number="113" hits="29" branch="True" condition-coverage="50% (1/2)">
                  <conditions>
                    <condition number="14" type="jump" coverage="50%" />
                  </conditions>
                </line>
                <line number="114" hits="29" branch="False" />
                <line number="115" hits="29" branch="False" />
              </lines>
            </method>
          </methods>
          <lines>
            <line number="112" hits="29" branch="False" />
            <line number="113" hits="29" branch="True" condition-coverage="50% (1/2)">
              <conditions>
                <condition number="14" type="jump" coverage="50%" />
              </conditions>
            </line>
            <line number="114" hits="29" branch="False" />
            <line number="115" hits="29" branch="False" />
          </lines>
        </class>
        <class name="SunnySeat.Api.HealthChecks.WeatherServiceHealthCheck" filename="D:\SunnySeat\src\backend\SunnySeat.Api\HealthChecks\WeatherServiceHealthCheck.cs" line-rate="0" branch-rate="0" complexity="8">
          <methods>
            <method name=".ctor" signature="(SunnySeat.Core.Services.MetNoWeatherService,SunnySeat.Core.Services.OpenWeatherMapService,SunnySeat.Core.Interfaces.IWeatherRepository,Microsoft.Extensions.Logging.ILogger`1&lt;SunnySeat.Api.HealthChecks.WeatherServiceHealthCheck&gt;)" line-rate="0" branch-rate="0" complexity="8">
              <lines>
                <line number="17" hits="0" branch="False" />
                <line number="18" hits="0" branch="False" />
                <line number="19" hits="0" branch="False" />
                <line number="20" hits="0" branch="False" />
                <line number="21" hits="0" branch="False" />
                <line number="22" hits="0" branch="False" />
                <line number="23" hits="0" branch="True" condition-coverage="0% (0/2)">
                  <conditions>
                    <condition number="11" type="jump" coverage="0%" />
                  </conditions>
                </line>
                <line number="24" hits="0" branch="True" condition-coverage="0% (0/2)">
                  <conditions>
                    <condition number="33" type="jump" coverage="0%" />
                  </conditions>
                </line>
                <line number="25" hits="0" branch="True" condition-coverage="0% (0/2)">
                  <conditions>
                    <condition number="55" type="jump" coverage="0%" />
                  </conditions>
                </line>
                <line number="26" hits="0" branch="True" condition-coverage="0% (0/2)">
                  <conditions>
                    <condition number="78" type="jump" coverage="0%" />
                  </conditions>
                </line>
                <line number="27" hits="0" branch="False" />
              </lines>
            </method>
          </methods>
          <lines>
            <line number="17" hits="0" branch="False" />
            <line number="18" hits="0" branch="False" />
            <line number="19" hits="0" branch="False" />
            <line number="20" hits="0" branch="False" />
            <line number="21" hits="0" branch="False" />
            <line number="22" hits="0" branch="False" />
            <line number="23" hits="0" branch="True" condition-coverage="0% (0/2)">
              <conditions>
                <condition number="11" type="jump" coverage="0%" />
              </conditions>
            </line>
            <line number="24" hits="0" branch="True" condition-coverage="0% (0/2)">
              <conditions>
                <condition number="33" type="jump" coverage="0%" />
              </conditions>
            </line>
            <line number="25" hits="0" branch="True" condition-coverage="0% (0/2)">
              <conditions>
                <condition number="55" type="jump" coverage="0%" />
              </conditions>
            </line>
            <line number="26" hits="0" branch="True" condition-coverage="0% (0/2)">
              <conditions>
                <condition number="78" type="jump" coverage="0%" />
              </conditions>
            </line>
            <line number="27" hits="0" branch="False" />
          </lines>
        </class>
        <class name="SunnySeat.Api.Endpoints.AuthEndpoints" filename="D:\SunnySeat\src\backend\SunnySeat.Api\Endpoints\AuthEndpoints.cs" line-rate="1" branch-rate="1" complexity="1">
          <methods>
            <method name="MapAuthEndpoints" signature="(Microsoft.AspNetCore.Routing.IEndpointRouteBuilder)" line-rate="1" branch-rate="1" complexity="1">
              <lines>
                <line number="14" hits="8" branch="False" />
                <line number="15" hits="8" branch="False" />
                <line number="16" hits="8" branch="False" />
                <line number="19" hits="8" branch="False" />
                <line number="20" hits="8" branch="False" />
                <line number="21" hits="8" branch="False" />
                <line number="22" hits="8" branch="False" />
                <line number="23" hits="8" branch="False" />
                <line number="24" hits="8" branch="False" />
                <line number="25" hits="8" branch="False" />
                <line number="26" hits="8" branch="False" />
                <line number="29" hits="8" branch="False" />
                <line number="30" hits="8" branch="False" />
                <line number="31" hits="8" branch="False" />
                <line number="32" hits="8" branch="False" />
                <line number="33" hits="8" branch="False" />
                <line number="34" hits="8" branch="False" />
                <line number="35" hits="8" branch="False" />
                <line number="36" hits="8" branch="False" />
                <line number="39" hits="8" branch="False" />
                <line number="40" hits="8" branch="False" />
                <line number="41" hits="8" branch="False" />
                <line number="42" hits="8" branch="False" />
                <line number="43" hits="8" branch="False" />
                <line number="44" hits="8" branch="False" />
                <line number="47" hits="8" branch="False" />
                <line number="48" hits="8" branch="False" />
                <line number="49" hits="8" branch="False" />
                <line number="50" hits="8" branch="False" />
                <line number="51" hits="8" branch="False" />
                <line number="52" hits="8" branch="False" />
                <line number="53" hits="8" branch="False" />
                <line number="56" hits="8" branch="False" />
                <line number="57" hits="8" branch="False" />
                <line number="58" hits="8" branch="False" />
                <line number="59" hits="8" branch="False" />
                <line number="60" hits="8" branch="False" />
                <line number="61" hits="8" branch="False" />
                <line number="62" hits="8" branch="False" />
              </lines>
            </method>
          </methods>
          <lines>
            <line number="14" hits="8" branch="False" />
            <line number="15" hits="8" branch="False" />
            <line number="16" hits="8" branch="False" />
            <line number="19" hits="8" branch="False" />
            <line number="20" hits="8" branch="False" />
            <line number="21" hits="8" branch="False" />
            <line number="22" hits="8" branch="False" />
            <line number="23" hits="8" branch="False" />
            <line number="24" hits="8" branch="False" />
            <line number="25" hits="8" branch="False" />
            <line number="26" hits="8" branch="False" />
            <line number="29" hits="8" branch="False" />
            <line number="30" hits="8" branch="False" />
            <line number="31" hits="8" branch="False" />
            <line number="32" hits="8" branch="False" />
            <line number="33" hits="8" branch="False" />
            <line number="34" hits="8" branch="False" />
            <line number="35" hits="8" branch="False" />
            <line number="36" hits="8" branch="False" />
            <line number="39" hits="8" branch="False" />
            <line number="40" hits="8" branch="False" />
            <line number="41" hits="8" branch="False" />
            <line number="42" hits="8" branch="False" />
            <line number="43" hits="8" branch="False" />
            <line number="44" hits="8" branch="False" />
            <line number="47" hits="8" branch="False" />
            <line number="48" hits="8" branch="False" />
            <line number="49" hits="8" branch="False" />
            <line number="50" hits="8" branch="False" />
            <line number="51" hits="8" branch="False" />
            <line number="52" hits="8" branch="False" />
            <line number="53" hits="8" branch="False" />
            <line number="56" hits="8" branch="False" />
            <line number="57" hits="8" branch="False" />
            <line number="58" hits="8" branch="False" />
            <line number="59" hits="8" branch="False" />
            <line number="60" hits="8" branch="False" />
            <line number="61" hits="8" branch="False" />
            <line number="62" hits="8" branch="False" />
          </lines>
        </class>
        <class name="SunnySeat.Api.Endpoints.BuildingEndpoints" filename="D:\SunnySeat\src\backend\SunnySeat.Api\Endpoints\BuildingEndpoints.cs" line-rate="1" branch-rate="1" complexity="1">
          <methods>
            <method name="MapBuildingEndpoints" signature="(Microsoft.AspNetCore.Routing.IEndpointRouteBuilder)" line-rate="1" branch-rate="1" complexity="1">
              <lines>
                <line number="14" hits="8" branch="False" />
                <line number="15" hits="8" branch="False" />
                <line number="16" hits="8" branch="False" />
                <line number="17" hits="8" branch="False" />
                <line number="20" hits="8" branch="False" />
                <line number="21" hits="8" branch="False" />
                <line number="22" hits="8" branch="False" />
                <line number="25" hits="8" branch="False" />
                <line number="26" hits="8" branch="False" />
                <line number="27" hits="8" branch="False" />
                <line number="30" hits="8" branch="False" />
                <line number="31" hits="8" branch="False" />
                <line number="32" hits="8" branch="False" />
                <line number="35" hits="8" branch="False" />
                <line number="36" hits="8" branch="False" />
                <line number="37" hits="8" branch="False" />
                <line number="40" hits="8" branch="False" />
                <line number="41" hits="8" branch="False" />
                <line number="42" hits="8" branch="False" />
                <line number="43" hits="8" branch="False" />
              </lines>
            </method>
          </methods>
          <lines>
            <line number="14" hits="8" branch="False" />
            <line number="15" hits="8" branch="False" />
            <line number="16" hits="8" branch="False" />
            <line number="17" hits="8" branch="False" />
            <line number="20" hits="8" branch="False" />
            <line number="21" hits="8" branch="False" />
            <line number="22" hits="8" branch="False" />
            <line number="25" hits="8" branch="False" />
            <line number="26" hits="8" branch="False" />
            <line number="27" hits="8" branch="False" />
            <line number="30" hits="8" branch="False" />
            <line number="31" hits="8" branch="False" />
            <line number="32" hits="8" branch="False" />
            <line number="35" hits="8" branch="False" />
            <line number="36" hits="8" branch="False" />
            <line number="37" hits="8" branch="False" />
            <line number="40" hits="8" branch="False" />
            <line number="41" hits="8" branch="False" />
            <line number="42" hits="8" branch="False" />
            <line number="43" hits="8" branch="False" />
          </lines>
        </class>
        <class name="SunnySeat.Api.Endpoints.FeedbackEndpoints" filename="D:\SunnySeat\src\backend\SunnySeat.Api\Endpoints\FeedbackEndpoints.cs" line-rate="1" branch-rate="1" complexity="1">
          <methods>
            <method name="MapFeedbackApi" signature="(Microsoft.AspNetCore.Routing.RouteGroupBuilder)" line-rate="1" branch-rate="1" complexity="1">
              <lines>
                <line number="18" hits="8" branch="False" />
                <line number="20" hits="8" branch="False" />
                <line number="21" hits="8" branch="False" />
                <line number="22" hits="8" branch="False" />
                <line number="23" hits="8" branch="False" />
                <line number="26" hits="8" branch="False" />
                <line number="27" hits="8" branch="False" />
                <line number="28" hits="8" branch="False" />
                <line number="29" hits="8" branch="False" />
                <line number="32" hits="8" branch="False" />
                <line number="33" hits="8" branch="False" />
                <line number="34" hits="8" branch="False" />
                <line number="35" hits="8" branch="False" />
                <line number="38" hits="8" branch="False" />
                <line number="39" hits="8" branch="False" />
                <line number="40" hits="8" branch="False" />
                <line number="41" hits="8" branch="False" />
                <line number="44" hits="8" branch="False" />
                <line number="45" hits="8" branch="False" />
                <line number="46" hits="8" branch="False" />
                <line number="47" hits="8" branch="False" />
                <line number="50" hits="8" branch="False" />
                <line number="51" hits="8" branch="False" />
                <line number="52" hits="8" branch="False" />
                <line number="53" hits="8" branch="False" />
                <line number="56" hits="8" branch="False" />
                <line number="57" hits="8" branch="False" />
                <line number="58" hits="8" branch="False" />
                <line number="59" hits="8" branch="False" />
                <line number="61" hits="8" branch="False" />
                <line number="62" hits="8" branch="False" />
              </lines>
            </method>
          </methods>
          <lines>
            <line number="18" hits="8" branch="False" />
            <line number="20" hits="8" branch="False" />
            <line number="21" hits="8" branch="False" />
            <line number="22" hits="8" branch="False" />
            <line number="23" hits="8" branch="False" />
            <line number="26" hits="8" branch="False" />
            <line number="27" hits="8" branch="False" />
            <line number="28" hits="8" branch="False" />
            <line number="29" hits="8" branch="False" />
            <line number="32" hits="8" branch="False" />
            <line number="33" hits="8" branch="False" />
            <line number="34" hits="8" branch="False" />
            <line number="35" hits="8" branch="False" />
            <line number="38" hits="8" branch="False" />
            <line number="39" hits="8" branch="False" />
            <line number="40" hits="8" branch="False" />
            <line number="41" hits="8" branch="False" />
            <line number="44" hits="8" branch="False" />
            <line number="45" hits="8" branch="False" />
            <line number="46" hits="8" branch="False" />
            <line number="47" hits="8" branch="False" />
            <line number="50" hits="8" branch="False" />
            <line number="51" hits="8" branch="False" />
            <line number="52" hits="8" branch="False" />
            <line number="53" hits="8" branch="False" />
            <line number="56" hits="8" branch="False" />
            <line number="57" hits="8" branch="False" />
            <line number="58" hits="8" branch="False" />
            <line number="59" hits="8" branch="False" />
            <line number="61" hits="8" branch="False" />
            <line number="62" hits="8" branch="False" />
          </lines>
        </class>
        <class name="SunnySeat.Api.Endpoints.ShadowController" filename="D:\SunnySeat\src\backend\SunnySeat.Api\Endpoints\ShadowController.cs" line-rate="0" branch-rate="0" complexity="4">
          <methods>
            <method name=".ctor" signature="(SunnySeat.Core.Interfaces.IShadowCalculationService,Microsoft.Extensions.Logging.ILogger`1&lt;SunnySeat.Api.Endpoints.ShadowController&gt;)" line-rate="0" branch-rate="0" complexity="4">
              <lines>
                <line number="22" hits="0" branch="False" />
                <line number="23" hits="0" branch="False" />
                <line number="24" hits="0" branch="False" />
                <line number="25" hits="0" branch="False" />
                <line number="26" hits="0" branch="True" condition-coverage="0% (0/2)">
                  <conditions>
                    <condition number="11" type="jump" coverage="0%" />
                  </conditions>
                </line>
                <line number="27" hits="0" branch="True" condition-coverage="0% (0/2)">
                  <conditions>
                    <condition number="33" type="jump" coverage="0%" />
                  </conditions>
                </line>
                <line number="28" hits="0" branch="False" />
              </lines>
            </method>
          </methods>
          <lines>
            <line number="22" hits="0" branch="False" />
            <line number="23" hits="0" branch="False" />
            <line number="24" hits="0" branch="False" />
            <line number="25" hits="0" branch="False" />
            <line number="26" hits="0" branch="True" condition-coverage="0% (0/2)">
              <conditions>
                <condition number="11" type="jump" coverage="0%" />
              </conditions>
            </line>
            <line number="27" hits="0" branch="True" condition-coverage="0% (0/2)">
              <conditions>
                <condition number="33" type="jump" coverage="0%" />
              </conditions>
            </line>
            <line number="28" hits="0" branch="False" />
          </lines>
        </class>
        <class name="SunnySeat.Api.Endpoints.SolarController" filename="D:\SunnySeat\src\backend\SunnySeat.Api\Endpoints\SolarController.cs" line-rate="0" branch-rate="0" complexity="4">
          <methods>
            <method name=".ctor" signature="(SunnySeat.Core.Interfaces.ISolarCalculationService,Microsoft.Extensions.Logging.ILogger`1&lt;SunnySeat.Api.Endpoints.SolarController&gt;)" line-rate="0" branch-rate="0" complexity="4">
              <lines>
                <line number="22" hits="0" branch="False" />
                <line number="23" hits="0" branch="False" />
                <line number="24" hits="0" branch="False" />
                <line number="25" hits="0" branch="False" />
                <line number="26" hits="0" branch="True" condition-coverage="0% (0/2)">
                  <conditions>
                    <condition number="11" type="jump" coverage="0%" />
                  </conditions>
                </line>
                <line number="27" hits="0" branch="True" condition-coverage="0% (0/2)">
                  <conditions>
                    <condition number="33" type="jump" coverage="0%" />
                  </conditions>
                </line>
                <line number="28" hits="0" branch="False" />
              </lines>
            </method>
          </methods>
          <lines>
            <line number="22" hits="0" branch="False" />
            <line number="23" hits="0" branch="False" />
            <line number="24" hits="0" branch="False" />
            <line number="25" hits="0" branch="False" />
            <line number="26" hits="0" branch="True" condition-coverage="0% (0/2)">
              <conditions>
                <condition number="11" type="jump" coverage="0%" />
              </conditions>
            </line>
            <line number="27" hits="0" branch="True" condition-coverage="0% (0/2)">
              <conditions>
                <condition number="33" type="jump" coverage="0%" />
              </conditions>
            </line>
            <line number="28" hits="0" branch="False" />
          </lines>
        </class>
        <class name="SunnySeat.Api.Endpoints.SunExposureController" filename="D:\SunnySeat\src\backend\SunnySeat.Api\Endpoints\SunExposureController.cs" line-rate="0.2121" branch-rate="0" complexity="7">
          <methods>
            <method name="GetSunExposureReliability" signature="(System.Nullable`1&lt;System.DateTime&gt;,System.Threading.CancellationToken)" line-rate="0" branch-rate="0" complexity="6">
              <lines>
                <line number="115" hits="0" branch="False" />
                <line number="117" hits="0" branch="False" />
                <line number="118" hits="0" branch="True" condition-coverage="0% (0/2)">
                  <conditions>
                    <condition number="11" type="jump" coverage="0%" />
                  </conditions>
                </line>
                <line number="121" hits="0" branch="False" />
                <line number="122" hits="0" branch="False" />
                <line number="123" hits="0" branch="False" />
                <line number="124" hits="0" branch="False" />
                <line number="125" hits="0" branch="False" />
                <line number="126" hits="0" branch="False" />
                <line number="127" hits="0" branch="False" />
                <line number="128" hits="0" branch="False" />
                <line number="130" hits="0" branch="True" condition-coverage="0% (0/4)">
                  <conditions>
                    <condition number="199" type="jump" coverage="0%" />
                    <condition number="216" type="jump" coverage="0%" />
                  </conditions>
                </line>
                <line number="131" hits="0" branch="False" />
                <line number="132" hits="0" branch="False" />
                <line number="133" hits="0" branch="False" />
                <line number="134" hits="0" branch="False" />
                <line number="135" hits="0" branch="False" />
                <line number="136" hits="0" branch="False" />
                <line number="137" hits="0" branch="False" />
                <line number="138" hits="0" branch="False" />
                <line number="140" hits="0" branch="False" />
                <line number="142" hits="0" branch="False" />
                <line number="143" hits="0" branch="False" />
                <line number="144" hits="0" branch="False" />
                <line number="145" hits="0" branch="False" />
                <line number="147" hits="0" branch="False" />
              </lines>
            </method>
            <method name=".ctor" signature="(SunnySeat.Core.Interfaces.ISunExposureService,Microsoft.Extensions.Logging.ILogger`1&lt;SunnySeat.Api.Endpoints.SunExposureController&gt;)" line-rate="1" branch-rate="1" complexity="1">
              <lines>
                <line number="18" hits="4" branch="False" />
                <line number="19" hits="4" branch="False" />
                <line number="20" hits="4" branch="False" />
                <line number="21" hits="4" branch="False" />
                <line number="22" hits="4" branch="False" />
                <line number="23" hits="4" branch="False" />
                <line number="24" hits="4" branch="False" />
              </lines>
            </method>
          </methods>
          <lines>
            <line number="115" hits="0" branch="False" />
            <line number="117" hits="0" branch="False" />
            <line number="118" hits="0" branch="True" condition-coverage="0% (0/2)">
              <conditions>
                <condition number="11" type="jump" coverage="0%" />
              </conditions>
            </line>
            <line number="121" hits="0" branch="False" />
            <line number="122" hits="0" branch="False" />
            <line number="123" hits="0" branch="False" />
            <line number="124" hits="0" branch="False" />
            <line number="125" hits="0" branch="False" />
            <line number="126" hits="0" branch="False" />
            <line number="127" hits="0" branch="False" />
            <line number="128" hits="0" branch="False" />
            <line number="130" hits="0" branch="True" condition-coverage="0% (0/4)">
              <conditions>
                <condition number="199" type="jump" coverage="0%" />
                <condition number="216" type="jump" coverage="0%" />
              </conditions>
            </line>
            <line number="131" hits="0" branch="False" />
            <line number="132" hits="0" branch="False" />
            <line number="133" hits="0" branch="False" />
            <line number="134" hits="0" branch="False" />
            <line number="135" hits="0" branch="False" />
            <line number="136" hits="0" branch="False" />
            <line number="137" hits="0" branch="False" />
            <line number="138" hits="0" branch="False" />
            <line number="140" hits="0" branch="False" />
            <line number="142" hits="0" branch="False" />
            <line number="143" hits="0" branch="False" />
            <line number="144" hits="0" branch="False" />
            <line number="145" hits="0" branch="False" />
            <line number="147" hits="0" branch="False" />
            <line number="18" hits="4" branch="False" />
            <line number="19" hits="4" branch="False" />
            <line number="20" hits="4" branch="False" />
            <line number="21" hits="4" branch="False" />
            <line number="22" hits="4" branch="False" />
            <line number="23" hits="4" branch="False" />
            <line number="24" hits="4" branch="False" />
          </lines>
        </class>
        <class name="SunnySeat.Api.Endpoints.TimelineController" filename="D:\SunnySeat\src\backend\SunnySeat.Api\Endpoints\TimelineController.cs" line-rate="1" branch-rate="1" complexity="1">
          <methods>
            <method name=".ctor" signature="(SunnySeat.Core.Interfaces.ISunTimelineService,Microsoft.Extensions.Logging.ILogger`1&lt;SunnySeat.Api.Endpoints.TimelineController&gt;)" line-rate="1" branch-rate="1" complexity="1">
              <lines>
                <line number="20" hits="3" branch="False" />
                <line number="21" hits="3" branch="False" />
                <line number="22" hits="3" branch="False" />
                <line number="23" hits="3" branch="False" />
                <line number="24" hits="3" branch="False" />
                <line number="25" hits="3" branch="False" />
                <line number="26" hits="3" branch="False" />
              </lines>
            </method>
          </methods>
          <lines>
            <line number="20" hits="3" branch="False" />
            <line number="21" hits="3" branch="False" />
            <line number="22" hits="3" branch="False" />
            <line number="23" hits="3" branch="False" />
            <line number="24" hits="3" branch="False" />
            <line number="25" hits="3" branch="False" />
            <line number="26" hits="3" branch="False" />
          </lines>
        </class>
        <class name="SunnySeat.Api.Endpoints.VenueEndpoints" filename="D:\SunnySeat\src\backend\SunnySeat.Api\Endpoints\VenuesController.cs" line-rate="0.7894" branch-rate="1" complexity="2">
          <methods>
            <method name="MapVenuesApi" signature="(Microsoft.AspNetCore.Routing.RouteGroupBuilder)" line-rate="1" branch-rate="1" complexity="1">
              <lines>
                <line number="18" hits="8" branch="False" />
                <line number="20" hits="8" branch="False" />
                <line number="21" hits="8" branch="False" />
                <line number="22" hits="8" branch="False" />
                <line number="25" hits="8" branch="False" />
                <line number="26" hits="8" branch="False" />
                <line number="27" hits="8" branch="False" />
                <line number="30" hits="8" branch="False" />
                <line number="31" hits="8" branch="False" />
                <line number="32" hits="8" branch="False" />
                <line number="35" hits="8" branch="False" />
                <line number="36" hits="8" branch="False" />
                <line number="37" hits="8" branch="False" />
                <line number="40" hits="8" branch="False" />
                <line number="41" hits="8" branch="False" />
                <line number="42" hits="8" branch="False" />
                <line number="45" hits="8" branch="False" />
                <line number="46" hits="8" branch="False" />
                <line number="47" hits="8" branch="False" />
                <line number="50" hits="8" branch="False" />
                <line number="51" hits="8" branch="False" />
                <line number="52" hits="8" branch="False" />
                <line number="55" hits="8" branch="False" />
                <line number="56" hits="8" branch="False" />
                <line number="57" hits="8" branch="False" />
                <line number="60" hits="8" branch="False" />
                <line number="61" hits="8" branch="False" />
                <line number="62" hits="8" branch="False" />
                <line number="65" hits="8" branch="False" />
                <line number="66" hits="8" branch="False" />
                <line number="67" hits="8" branch="False" />
                <line number="70" hits="8" branch="False" />
                <line number="71" hits="8" branch="False" />
                <line number="72" hits="8" branch="False" />
                <line number="75" hits="8" branch="False" />
                <line number="76" hits="8" branch="False" />
                <line number="77" hits="8" branch="False" />
                <line number="80" hits="8" branch="False" />
                <line number="81" hits="8" branch="False" />
                <line number="82" hits="8" branch="False" />
                <line number="85" hits="8" branch="False" />
                <line number="86" hits="8" branch="False" />
                <line number="87" hits="8" branch="False" />
                <line number="89" hits="8" branch="False" />
                <line number="90" hits="8" branch="False" />
              </lines>
            </method>
            <method name="GenerateSlug" signature="(System.String,System.Int32)" line-rate="0" branch-rate="1" complexity="1">
              <lines>
                <line number="265" hits="0" branch="False" />
                <line number="266" hits="0" branch="False" />
                <line number="267" hits="0" branch="False" />
                <line number="268" hits="0" branch="False" />
                <line number="269" hits="0" branch="False" />
                <line number="270" hits="0" branch="False" />
                <line number="271" hits="0" branch="False" />
                <line number="272" hits="0" branch="False" />
                <line number="273" hits="0" branch="False" />
                <line number="276" hits="0" branch="False" />
                <line number="279" hits="0" branch="False" />
                <line number="280" hits="0" branch="False" />
              </lines>
            </method>
          </methods>
          <lines>
            <line number="18" hits="8" branch="False" />
            <line number="20" hits="8" branch="False" />
            <line number="21" hits="8" branch="False" />
            <line number="22" hits="8" branch="False" />
            <line number="25" hits="8" branch="False" />
            <line number="26" hits="8" branch="False" />
            <line number="27" hits="8" branch="False" />
            <line number="30" hits="8" branch="False" />
            <line number="31" hits="8" branch="False" />
            <line number="32" hits="8" branch="False" />
            <line number="35" hits="8" branch="False" />
            <line number="36" hits="8" branch="False" />
            <line number="37" hits="8" branch="False" />
            <line number="40" hits="8" branch="False" />
            <line number="41" hits="8" branch="False" />
            <line number="42" hits="8" branch="False" />
            <line number="45" hits="8" branch="False" />
            <line number="46" hits="8" branch="False" />
            <line number="47" hits="8" branch="False" />
            <line number="50" hits="8" branch="False" />
            <line number="51" hits="8" branch="False" />
            <line number="52" hits="8" branch="False" />
            <line number="55" hits="8" branch="False" />
            <line number="56" hits="8" branch="False" />
            <line number="57" hits="8" branch="False" />
            <line number="60" hits="8" branch="False" />
            <line number="61" hits="8" branch="False" />
            <line number="62" hits="8" branch="False" />
            <line number="65" hits="8" branch="False" />
            <line number="66" hits="8" branch="False" />
            <line number="67" hits="8" branch="False" />
            <line number="70" hits="8" branch="False" />
            <line number="71" hits="8" branch="False" />
            <line number="72" hits="8" branch="False" />
            <line number="75" hits="8" branch="False" />
            <line number="76" hits="8" branch="False" />
            <line number="77" hits="8" branch="False" />
            <line number="80" hits="8" branch="False" />
            <line number="81" hits="8" branch="False" />
            <line number="82" hits="8" branch="False" />
            <line number="85" hits="8" branch="False" />
            <line number="86" hits="8" branch="False" />
            <line number="87" hits="8" branch="False" />
            <line number="89" hits="8" branch="False" />
            <line number="90" hits="8" branch="False" />
            <line number="265" hits="0" branch="False" />
            <line number="266" hits="0" branch="False" />
            <line number="267" hits="0" branch="False" />
            <line number="268" hits="0" branch="False" />
            <line number="269" hits="0" branch="False" />
            <line number="270" hits="0" branch="False" />
            <line number="271" hits="0" branch="False" />
            <line number="272" hits="0" branch="False" />
            <line number="273" hits="0" branch="False" />
            <line number="276" hits="0" branch="False" />
            <line number="279" hits="0" branch="False" />
            <line number="280" hits="0" branch="False" />
          </lines>
        </class>
        <class name="SunnySeat.Api.Endpoints.WeatherController" filename="D:\SunnySeat\src\backend\SunnySeat.Api\Endpoints\WeatherController.cs" line-rate="0" branch-rate="0" complexity="6">
          <methods>
            <method name=".ctor" signature="(SunnySeat.Core.Interfaces.IWeatherProcessingService,SunnySeat.Core.Interfaces.IWeatherRepository,Microsoft.Extensions.Logging.ILogger`1&lt;SunnySeat.Api.Endpoints.WeatherController&gt;)" line-rate="0" branch-rate="0" complexity="6">
              <lines>
                <line number="23" hits="0" branch="False" />
                <line number="24" hits="0" branch="False" />
                <line number="25" hits="0" branch="False" />
                <line number="26" hits="0" branch="False" />
                <line number="27" hits="0" branch="False" />
                <line number="28" hits="0" branch="True" condition-coverage="0% (0/2)">
                  <conditions>
                    <condition number="11" type="jump" coverage="0%" />
                  </conditions>
                </line>
                <line number="29" hits="0" branch="True" condition-coverage="0% (0/2)">
                  <conditions>
[...]
            <line number="17" hits="7" branch="False" />
            <line number="18" hits="7" branch="False" />
          </lines>
        </class>
        <class name="SunnySeat.Data.Repositories.FeedbackRepository" filename="D:\SunnySeat\src\backend\SunnySeat.Data\Repositories\FeedbackRepository.cs" line-rate="0" branch-rate="1" complexity="1">
          <methods>
            <method name=".ctor" signature="(SunnySeat.Data.SunnySeatDbContext)" line-rate="0" branch-rate="1" complexity="1">
              <lines>
                <line number="14" hits="0" branch="False" />
                <line number="15" hits="0" branch="False" />
                <line number="16" hits="0" branch="False" />
                <line number="17" hits="0" branch="False" />
              </lines>
            </method>
          </methods>
          <lines>
            <line number="14" hits="0" branch="False" />
            <line number="15" hits="0" branch="False" />
            <line number="16" hits="0" branch="False" />
            <line number="17" hits="0" branch="False" />
          </lines>
        </class>
        <class name="SunnySeat.Data.Repositories.PatioRepository" filename="D:\SunnySeat\src\backend\SunnySeat.Data\Repositories\PatioRepository.cs" line-rate="1" branch-rate="1" complexity="1">
          <methods>
            <method name=".ctor" signature="(SunnySeat.Data.SunnySeatDbContext)" line-rate="1" branch-rate="1" complexity="1">
              <lines>
                <line number="15" hits="27" branch="False" />
                <line number="16" hits="27" branch="False" />
                <line number="17" hits="27" branch="False" />
                <line number="18" hits="27" branch="False" />
              </lines>
            </method>
          </methods>
          <lines>
            <line number="15" hits="27" branch="False" />
            <line number="16" hits="27" branch="False" />
            <line number="17" hits="27" branch="False" />
            <line number="18" hits="27" branch="False" />
          </lines>
        </class>
        <class name="SunnySeat.Data.Repositories.PrecomputationRepository" filename="D:\SunnySeat\src\backend\SunnySeat.Data\Repositories\PrecomputationRepository.cs" line-rate="1" branch-rate="1" complexity="1">
          <methods>
            <method name=".ctor" signature="(SunnySeat.Data.SunnySeatDbContext)" line-rate="1" branch-rate="1" complexity="1">
              <lines>
                <line number="14" hits="3" branch="False" />
                <line number="15" hits="3" branch="False" />
                <line number="16" hits="3" branch="False" />
                <line number="17" hits="3" branch="False" />
              </lines>
            </method>
          </methods>
          <lines>
            <line number="14" hits="3" branch="False" />
            <line number="15" hits="3" branch="False" />
            <line number="16" hits="3" branch="False" />
            <line number="17" hits="3" branch="False" />
          </lines>
        </class>
        <class name="SunnySeat.Data.Repositories.VenueRepository" filename="D:\SunnySeat\src\backend\SunnySeat.Data\Repositories\VenueRepository.cs" line-rate="1" branch-rate="1" complexity="1">
          <methods>
            <method name=".ctor" signature="(SunnySeat.Data.SunnySeatDbContext)" line-rate="1" branch-rate="1" complexity="1">
              <lines>
                <line number="15" hits="27" branch="False" />
                <line number="16" hits="27" branch="False" />
                <line number="17" hits="27" branch="False" />
                <line number="18" hits="27" branch="False" />
              </lines>
            </method>
          </methods>
          <lines>
            <line number="15" hits="27" branch="False" />
            <line number="16" hits="27" branch="False" />
            <line number="17" hits="27" branch="False" />
            <line number="18" hits="27" branch="False" />
          </lines>
        </class>
        <class name="SunnySeat.Data.Repositories.WeatherRepository" filename="D:\SunnySeat\src\backend\SunnySeat.Data\Repositories\WeatherRepository.cs" line-rate="1" branch-rate="0.5" complexity="4">
          <methods>
            <method name=".ctor" signature="(SunnySeat.Data.SunnySeatDbContext,Microsoft.Extensions.Logging.ILogger`1&lt;SunnySeat.Data.Repositories.WeatherRepository&gt;)" line-rate="1" branch-rate="0.5" complexity="4">
              <lines>
                <line number="17" hits="7" branch="False" />
                <line number="18" hits="7" branch="False" />
                <line number="19" hits="7" branch="False" />
                <line number="20" hits="7" branch="False" />
                <line number="21" hits="7" branch="True" condition-coverage="50% (1/2)">
                  <conditions>
                    <condition number="11" type="jump" coverage="50%" />
                  </conditions>
                </line>
                <line number="22" hits="7" branch="True" condition-coverage="50% (1/2)">
                  <conditions>
                    <condition number="33" type="jump" coverage="50%" />
                  </conditions>
                </line>
                <line number="23" hits="7" branch="False" />
              </lines>
            </method>
          </methods>
          <lines>
            <line number="17" hits="7" branch="False" />
            <line number="18" hits="7" branch="False" />
            <line number="19" hits="7" branch="False" />
            <line number="20" hits="7" branch="False" />
            <line number="21" hits="7" branch="True" condition-coverage="50% (1/2)">
              <conditions>
                <condition number="11" type="jump" coverage="50%" />
              </conditions>
            </line>
            <line number="22" hits="7" branch="True" condition-coverage="50% (1/2)">
              <conditions>
                <condition number="33" type="jump" coverage="50%" />
              </conditions>
            </line>
            <line number="23" hits="7" branch="False" />
          </lines>
        </class>
        <class name="SunnySeat.Data.Configurations.AdminUserConfiguration" filename="D:\SunnySeat\src\backend\SunnySeat.Data\Configurations\AdminUserConfiguration.cs" line-rate="1" branch-rate="1" complexity="1">
          <methods>
            <method name="Configure" signature="(Microsoft.EntityFrameworkCore.Metadata.Builders.EntityTypeBuilder`1&lt;SunnySeat.Core.Entities.AdminUser&gt;)" line-rate="1" branch-rate="1" complexity="1">
              <lines>
                <line number="14" hits="6" branch="False" />
                <line number="15" hits="6" branch="False" />
                <line number="18" hits="6" branch="False" />
                <line number="21" hits="6" branch="False" />
                <line number="22" hits="6" branch="False" />
                <line number="23" hits="6" branch="False" />
                <line number="24" hits="6" branch="False" />
                <line number="25" hits="6" branch="False" />
                <line number="26" hits="6" branch="False" />
                <line number="29" hits="6" branch="False" />
                <line number="30" hits="6" branch="False" />
                <line number="31" hits="6" branch="False" />
                <line number="32" hits="6" branch="False" />
                <line number="33" hits="6" branch="False" />
                <line number="34" hits="6" branch="False" />
                <line number="37" hits="6" branch="False" />
                <line number="38" hits="6" branch="False" />
                <line number="39" hits="6" branch="False" />
                <line number="42" hits="6" branch="False" />
                <line number="43" hits="6" branch="False" />
                <line number="44" hits="6" branch="False" />
                <line number="45" hits="6" branch="False" />
                <line number="48" hits="6" branch="False" />
                <line number="49" hits="6" branch="False" />
                <line number="50" hits="6" branch="False" />
                <line number="53" hits="6" branch="False" />
                <line number="54" hits="6" branch="False" />
                <line number="55" hits="6" branch="False" />
                <line number="57" hits="6" branch="False" />
                <line number="58" hits="6" branch="False" />
                <line number="61" hits="6" branch="False" />
                <line number="62" hits="6" branch="False" />
                <line number="64" hits="6" branch="False" />
                <line number="65" hits="6" branch="False" />
                <line number="68" hits="6" branch="False" />
                <line number="69" hits="6" branch="False" />
                <line number="70" hits="6" branch="False" />
                <line number="71" hits="6" branch="False" />
                <line number="72" hits="6" branch="False" />
                <line number="73" hits="6" branch="False" />
                <line number="76" hits="6" branch="False" />
                <line number="77" hits="6" branch="False" />
                <line number="79" hits="6" branch="False" />
                <line number="80" hits="6" branch="False" />
                <line number="82" hits="6" branch="False" />
                <line number="83" hits="6" branch="False" />
                <line number="84" hits="6" branch="False" />
                <line number="86" hits="6" branch="False" />
                <line number="87" hits="6" branch="False" />
                <line number="88" hits="6" branch="False" />
              </lines>
            </method>
          </methods>
          <lines>
            <line number="14" hits="6" branch="False" />
            <line number="15" hits="6" branch="False" />
            <line number="18" hits="6" branch="False" />
            <line number="21" hits="6" branch="False" />
            <line number="22" hits="6" branch="False" />
            <line number="23" hits="6" branch="False" />
            <line number="24" hits="6" branch="False" />
            <line number="25" hits="6" branch="False" />
            <line number="26" hits="6" branch="False" />
            <line number="29" hits="6" branch="False" />
            <line number="30" hits="6" branch="False" />
            <line number="31" hits="6" branch="False" />
            <line number="32" hits="6" branch="False" />
            <line number="33" hits="6" branch="False" />
            <line number="34" hits="6" branch="False" />
            <line number="37" hits="6" branch="False" />
            <line number="38" hits="6" branch="False" />
            <line number="39" hits="6" branch="False" />
            <line number="42" hits="6" branch="False" />
            <line number="43" hits="6" branch="False" />
            <line number="44" hits="6" branch="False" />
            <line number="45" hits="6" branch="False" />
            <line number="48" hits="6" branch="False" />
            <line number="49" hits="6" branch="False" />
            <line number="50" hits="6" branch="False" />
            <line number="53" hits="6" branch="False" />
            <line number="54" hits="6" branch="False" />
            <line number="55" hits="6" branch="False" />
            <line number="57" hits="6" branch="False" />
            <line number="58" hits="6" branch="False" />
            <line number="61" hits="6" branch="False" />
            <line number="62" hits="6" branch="False" />
            <line number="64" hits="6" branch="False" />
            <line number="65" hits="6" branch="False" />
            <line number="68" hits="6" branch="False" />
            <line number="69" hits="6" branch="False" />
            <line number="70" hits="6" branch="False" />
            <line number="71" hits="6" branch="False" />
            <line number="72" hits="6" branch="False" />
            <line number="73" hits="6" branch="False" />
            <line number="76" hits="6" branch="False" />
            <line number="77" hits="6" branch="False" />
            <line number="79" hits="6" branch="False" />
            <line number="80" hits="6" branch="False" />
            <line number="82" hits="6" branch="False" />
            <line number="83" hits="6" branch="False" />
            <line number="84" hits="6" branch="False" />
            <line number="86" hits="6" branch="False" />
            <line number="87" hits="6" branch="False" />
            <line number="88" hits="6" branch="False" />
          </lines>
        </class>
        <class name="SunnySeat.Data.Configurations.BuildingConfiguration" filename="D:\SunnySeat\src\backend\SunnySeat.Data\Configurations\BuildingConfiguration.cs" line-rate="1" branch-rate="1" complexity="1">
          <methods>
            <method name="Configure" signature="(Microsoft.EntityFrameworkCore.Metadata.Builders.EntityTypeBuilder`1&lt;SunnySeat.Core.Entities.Building&gt;)" line-rate="1" branch-rate="1" complexity="1">
              <lines>
                <line number="13" hits="6" branch="False" />
                <line number="14" hits="6" branch="False" />
                <line number="17" hits="6" branch="False" />
                <line number="20" hits="6" branch="False" />
                <line number="21" hits="6" branch="False" />
                <line number="22" hits="6" branch="False" />
                <line number="25" hits="6" branch="False" />
                <line number="26" hits="6" branch="False" />
                <line number="27" hits="6" branch="False" />
                <line number="30" hits="6" branch="False" />
                <line number="31" hits="6" branch="False" />
                <line number="32" hits="6" branch="False" />
                <line number="35" hits="6" branch="False" />
                <line number="36" hits="6" branch="False" />
                <line number="37" hits="6" branch="False" />
                <line number="40" hits="6" branch="False" />
                <line number="41" hits="6" branch="False" />
                <line number="44" hits="6" branch="False" />
                <line number="45" hits="6" branch="False" />
                <line number="46" hits="6" branch="False" />
                <line number="48" hits="6" branch="False" />
                <line number="49" hits="6" branch="False" />
                <line number="50" hits="6" branch="False" />
                <line number="55" hits="6" branch="False" />
                <line number="56" hits="6" branch="False" />
                <line number="57" hits="6" branch="False" />
                <line number="60" hits="6" branch="False" />
                <line number="61" hits="6" branch="False" />
                <line number="64" hits="6" branch="False" />
                <line number="65" hits="6" branch="False" />
                <line number="66" hits="6" branch="False" />
                <line number="69" hits="6" branch="False" />
                <line number="70" hits="6" branch="False" />
                <line number="71" hits="6" branch="False" />
              </lines>
            </method>
          </methods>
          <lines>
            <line number="13" hits="6" branch="False" />
            <line number="14" hits="6" branch="False" />
            <line number="17" hits="6" branch="False" />
            <line number="20" hits="6" branch="False" />
            <line number="21" hits="6" branch="False" />
            <line number="22" hits="6" branch="False" />
            <line number="25" hits="6" branch="False" />
            <line number="26" hits="6" branch="False" />
            <line number="27" hits="6" branch="False" />
            <line number="30" hits="6" branch="False" />
            <line number="31" hits="6" branch="False" />
            <line number="32" hits="6" branch="False" />
            <line number="35" hits="6" branch="False" />
            <line number="36" hits="6" branch="False" />
            <line number="37" hits="6" branch="False" />
            <line number="40" hits="6" branch="False" />
            <line number="41" hits="6" branch="False" />
            <line number="44" hits="6" branch="False" />
            <line number="45" hits="6" branch="False" />
            <line number="46" hits="6" branch="False" />
            <line number="48" hits="6" branch="False" />
            <line number="49" hits="6" branch="False" />
            <line number="50" hits="6" branch="False" />
            <line number="55" hits="6" branch="False" />
            <line number="56" hits="6" branch="False" />
            <line number="57" hits="6" branch="False" />
            <line number="60" hits="6" branch="False" />
            <line number="61" hits="6" branch="False" />
            <line number="64" hits="6" branch="False" />
            <line number="65" hits="6" branch="False" />
            <line number="66" hits="6" branch="False" />
            <line number="69" hits="6" branch="False" />
            <line number="70" hits="6" branch="False" />
            <line number="71" hits="6" branch="False" />
          </lines>
        </class>
      </classes>
    </package>
    <package name="SunnySeat.Shared" line-rate="0.8332999999999999" branch-rate="0.5" complexity="11">
      <classes>
        <class name="SunnySeat.Shared.Constants.Roles" filename="D:\SunnySeat\src\backend\SunnySeat.Shared\Constants\Roles.cs" line-rate="0" branch-rate="1" complexity="1">
          <methods>
            <method name=".cctor" signature="()" line-rate="0" branch-rate="1" complexity="1">
              <lines>
                <line number="21" hits="0" branch="False" />
              </lines>
            </method>
          </methods>
          <lines>
            <line number="21" hits="0" branch="False" />
          </lines>
        </class>
        <class name="SunnySeat.Shared.Configuration.JwtOptions" filename="D:\SunnySeat\src\backend\SunnySeat.Shared\Configuration\JwtOptions.cs" line-rate="1" branch-rate="0.5" complexity="10">
          <methods>
            <method name="get_IsValid" signature="()" line-rate="1" branch-rate="0.5" complexity="10">
              <lines>
                <line number="39" hits="8" branch="True" condition-coverage="50% (5/10)">
                  <conditions>
                    <condition number="11" type="jump" coverage="50%" />
                    <condition number="26" type="jump" coverage="50%" />
                    <condition number="39" type="jump" coverage="50%" />
                    <condition number="52" type="jump" coverage="50%" />
                    <condition number="61" type="jump" coverage="50%" />
                  </conditions>
                </line>
                <line number="40" hits="8" branch="False" />
                <line number="41" hits="8" branch="False" />
                <line number="42" hits="8" branch="False" />
                <line number="43" hits="8" branch="False" />
              </lines>
            </method>
          </methods>
          <lines>
            <line number="39" hits="8" branch="True" condition-coverage="50% (5/10)">
              <conditions>
                <condition number="11" type="jump" coverage="50%" />
                <condition number="26" type="jump" coverage="50%" />
                <condition number="39" type="jump" coverage="50%" />
                <condition number="52" type="jump" coverage="50%" />
                <condition number="61" type="jump" coverage="50%" />
              </conditions>
            </line>
            <line number="40" hits="8" branch="False" />
            <line number="41" hits="8" branch="False" />
            <line number="42" hits="8" branch="False" />
            <line number="43" hits="8" branch="False" />
          </lines>
        </class>
      </classes>
    </package>
  </packages>
</coverage>